[2023-10-16 22:50:30	] mamen(TomDaiCa) BUY 1 [6-1-26-1]Vâ L©m MËt TŞch(6,1,26,0,1) 15(COIN) at Shop[139]
[2023-10-16 22:50:30	] mamen(TomDaiCa) BUY 1 [6-1-26-1]Vâ L©m MËt TŞch(6,1,26,0,1) 15(COIN) at Shop[139]
[2023-10-16 22:50:30	] mamen(TomDaiCa) BUY 1 [6-1-26-1]Vâ L©m MËt TŞch(6,1,26,0,1) 15(COIN) at Shop[139]
[2023-10-16 22:50:30	] mamen(TomDaiCa) BUY 1 [6-1-26-1]Vâ L©m MËt TŞch(6,1,26,0,1) 15(COIN) at Shop[139]
[2023-10-16 22:50:30	] mamen(TomDaiCa) BUY 1 [6-1-26-1]Vâ L©m MËt TŞch(6,1,26,0,1) 15(COIN) at Shop[139]
[2023-10-16 22:50:31	] mamen(TomDaiCa) BUY 1 [6-1-26-1]Vâ L©m MËt TŞch(6,1,26,0,1) 15(COIN) at Shop[139]
[2023-10-16 22:50:31	] mamen(TomDaiCa) BUY 1 [6-1-26-1]Vâ L©m MËt TŞch(6,1,26,0,1) 15(COIN) at Shop[139]
[2023-10-16 22:50:31	] mamen(TomDaiCa) BUY 1 [6-1-26-1]Vâ L©m MËt TŞch(6,1,26,0,1) 15(COIN) at Shop[139]
[2023-10-16 22:50:31	] mamen(TomDaiCa) BUY 1 [6-1-26-1]Vâ L©m MËt TŞch(6,1,26,0,1) 15(COIN) at Shop[139]
[2023-10-16 22:50:31	] mamen(TomDaiCa) BUY 1 [6-1-26-1]Vâ L©m MËt TŞch(6,1,26,0,1) 15(COIN) at Shop[139]
[2023-10-16 22:50:31	] mamen(TomDaiCa) BUY 1 [6-1-26-1]Vâ L©m MËt TŞch(6,1,26,0,1) 15(COIN) at Shop[139]
[2023-10-16 22:50:31	] mamen(TomDaiCa) BUY 1 [6-1-26-1]Vâ L©m MËt TŞch(6,1,26,0,1) 15(COIN) at Shop[139]
[2023-10-16 22:50:31	] mamen(TomDaiCa) BUY 1 [6-1-26-1]Vâ L©m MËt TŞch(6,1,26,0,1) 15(COIN) at Shop[139]
[2023-10-16 22:50:31	] mamen(TomDaiCa) BUY 1 [6-1-26-1]Vâ L©m MËt TŞch(6,1,26,0,1) 15(COIN) at Shop[139]
[2023-10-16 22:50:31	] mamen(TomDaiCa) BUY 1 [6-1-26-1]Vâ L©m MËt TŞch(6,1,26,0,1) 15(COIN) at Shop[139]
[2023-10-16 22:50:35	] mamen(TomDaiCa) BUY 1 [6-1-22-1]TÈy Tñy Kinh(6,1,22,0,1) 15(COIN) at Shop[139]
[2023-10-16 22:50:35	] mamen(TomDaiCa) BUY 1 [6-1-22-1]TÈy Tñy Kinh(6,1,22,0,1) 15(COIN) at Shop[139]
[2023-10-16 22:50:35	] mamen(TomDaiCa) BUY 1 [6-1-22-1]TÈy Tñy Kinh(6,1,22,0,1) 15(COIN) at Shop[139]
[2023-10-16 22:50:35	] mamen(TomDaiCa) BUY 1 [6-1-22-1]TÈy Tñy Kinh(6,1,22,0,1) 15(COIN) at Shop[139]
[2023-10-16 22:50:35	] mamen(TomDaiCa) BUY 1 [6-1-22-1]TÈy Tñy Kinh(6,1,22,0,1) 15(COIN) at Shop[139]
[2023-10-16 22:50:35	] mamen(TomDaiCa) BUY 1 [6-1-22-1]TÈy Tñy Kinh(6,1,22,0,1) 15(COIN) at Shop[139]
[2023-10-16 22:50:35	] mamen(TomDaiCa) BUY 1 [6-1-22-1]TÈy Tñy Kinh(6,1,22,0,1) 15(COIN) at Shop[139]
[2023-10-16 22:50:35	] mamen(TomDaiCa) BUY 1 [6-1-22-1]TÈy Tñy Kinh(6,1,22,0,1) 15(COIN) at Shop[139]
[2023-10-16 22:50:35	] mamen(TomDaiCa) BUY 1 [6-1-22-1]TÈy Tñy Kinh(6,1,22,0,1) 15(COIN) at Shop[139]
[2023-10-16 22:50:35	] mamen(TomDaiCa) BUY 1 [6-1-22-1]TÈy Tñy Kinh(6,1,22,0,1) 15(COIN) at Shop[139]
[2023-10-16 22:50:35	] mamen(TomDaiCa) BUY 1 [6-1-22-1]TÈy Tñy Kinh(6,1,22,0,1) 15(COIN) at Shop[139]
[2023-10-16 22:50:35	] mamen(TomDaiCa) BUY 1 [6-1-22-1]TÈy Tñy Kinh(6,1,22,0,1) 15(COIN) at Shop[139]
[2023-10-16 22:50:35	] mamen(TomDaiCa) BUY 1 [6-1-22-1]TÈy Tñy Kinh(6,1,22,0,1) 15(COIN) at Shop[139]
[2023-10-16 22:50:35	] mamen(TomDaiCa) BUY 1 [6-1-22-1]TÈy Tñy Kinh(6,1,22,0,1) 15(COIN) at Shop[139]
[2023-10-16 22:50:35	] mamen(TomDaiCa) BUY 1 [6-1-22-1]TÈy Tñy Kinh(6,1,22,0,1) 15(COIN) at Shop[139]
[2023-10-16 22:52:15	] mamen(TomDaiCa) SEL 1 Kim Tinh B¹ch Hæ V­¬ng(0,10,16,0,10) 125000(MONEY) at Shop[38]
[2023-10-16 22:52:15	] mamen(TomDaiCa) SEL 1 Háa Tinh Kim Hæ V­¬ng(0,10,15,0,10) 125000(MONEY) at Shop[38]
[2023-10-16 22:52:15	] mamen(TomDaiCa) SEL 1 Kim Tinh Hæ V­¬ng(0,10,14,0,10) 125000(MONEY) at Shop[38]
[2023-10-16 22:52:15	] mamen(TomDaiCa) SEL 1 Long Tinh H¾c Hæ V­¬ng(0,10,17,0,10) 125000(MONEY) at Shop[38]
[2023-10-16 23:03:36	] mamen(…C26–Tom…) BUY 1 [6-1-2219-1]Cµn kh«n song tuyÖt Béi(6,1,2219,0,1) 200(COIN) at Shop[139]
[2023-10-16 23:06:10	] mamen(…C26–Tom…) BUY 1 [6-1-2312-1]Hçn Nguyªn Linh Lé(6,1,2312,0,1) 2(COIN) at Shop[139]
[2023-10-16 23:06:10	] mamen(…C26–Tom…) BUY 1 [6-1-2312-1]Hçn Nguyªn Linh Lé(6,1,2312,0,1) 2(COIN) at Shop[139]
[2023-10-16 23:06:10	] mamen(…C26–Tom…) BUY 1 [6-1-2312-1]Hçn Nguyªn Linh Lé(6,1,2312,0,1) 2(COIN) at Shop[139]
[2023-10-16 23:06:10	] mamen(…C26–Tom…) BUY 1 [6-1-2312-1]Hçn Nguyªn Linh Lé(6,1,2312,0,1) 2(COIN) at Shop[139]
[2023-10-16 23:06:10	] mamen(…C26–Tom…) BUY 1 [6-1-2312-1]Hçn Nguyªn Linh Lé(6,1,2312,0,1) 2(COIN) at Shop[139]
[2023-10-16 23:06:10	] mamen(…C26–Tom…) BUY 1 [6-1-2312-1]Hçn Nguyªn Linh Lé(6,1,2312,0,1) 2(COIN) at Shop[139]
[2023-10-16 23:06:10	] mamen(…C26–Tom…) BUY 1 [6-1-2312-1]Hçn Nguyªn Linh Lé(6,1,2312,0,1) 2(COIN) at Shop[139]
[2023-10-16 23:06:10	] mamen(…C26–Tom…) BUY 1 [6-1-2312-1]Hçn Nguyªn Linh Lé(6,1,2312,0,1) 2(COIN) at Shop[139]
[2023-10-16 23:06:10	] mamen(…C26–Tom…) BUY 1 [6-1-2312-1]Hçn Nguyªn Linh Lé(6,1,2312,0,1) 2(COIN) at Shop[139]
[2023-10-16 23:06:10	] mamen(…C26–Tom…) BUY 1 [6-1-2312-1]Hçn Nguyªn Linh Lé(6,1,2312,0,1) 2(COIN) at Shop[139]
[2023-10-16 23:06:10	] mamen(…C26–Tom…) BUY 1 [6-1-2312-1]Hçn Nguyªn Linh Lé(6,1,2312,0,1) 2(COIN) at Shop[139]
[2023-10-16 23:06:10	] mamen(…C26–Tom…) BUY 1 [6-1-2312-1]Hçn Nguyªn Linh Lé(6,1,2312,0,1) 2(COIN) at Shop[139]
[2023-10-16 23:06:11	] mamen(…C26–Tom…) BUY 1 [6-1-2312-1]Hçn Nguyªn Linh Lé(6,1,2312,0,1) 2(COIN) at Shop[139]
[2023-10-16 23:06:11	] mamen(…C26–Tom…) BUY 1 [6-1-2312-1]Hçn Nguyªn Linh Lé(6,1,2312,0,1) 2(COIN) at Shop[139]
[2023-10-16 23:06:11	] mamen(…C26–Tom…) BUY 1 [6-1-2312-1]Hçn Nguyªn Linh Lé(6,1,2312,0,1) 2(COIN) at Shop[139]
[2023-10-16 23:06:11	] mamen(…C26–Tom…) BUY 1 [6-1-2312-1]Hçn Nguyªn Linh Lé(6,1,2312,0,1) 2(COIN) at Shop[139]
[2023-10-16 23:06:11	] mamen(…C26–Tom…) BUY 1 [6-1-2312-1]Hçn Nguyªn Linh Lé(6,1,2312,0,1) 2(COIN) at Shop[139]
[2023-10-16 23:06:11	] mamen(…C26–Tom…) BUY 1 [6-1-2312-1]Hçn Nguyªn Linh Lé(6,1,2312,0,1) 2(COIN) at Shop[139]
[2023-10-16 23:06:11	] mamen(…C26–Tom…) BUY 1 [6-1-2312-1]Hçn Nguyªn Linh Lé(6,1,2312,0,1) 2(COIN) at Shop[139]
[2023-10-16 23:06:11	] mamen(…C26–Tom…) BUY 1 [6-1-2312-1]Hçn Nguyªn Linh Lé(6,1,2312,0,1) 2(COIN) at Shop[139]
[2023-10-16 23:07:52	] mamen(…C26–Tom…) BUY 1 [6-1-2312-1]Hçn Nguyªn Linh Lé(6,1,2312,0,1) 2(COIN) at Shop[139]
[2023-10-16 23:07:52	] mamen(…C26–Tom…) BUY 1 [6-1-2312-1]Hçn Nguyªn Linh Lé(6,1,2312,0,1) 2(COIN) at Shop[139]
[2023-10-16 23:07:52	] mamen(…C26–Tom…) BUY 1 [6-1-2312-1]Hçn Nguyªn Linh Lé(6,1,2312,0,1) 2(COIN) at Shop[139]
[2023-10-16 23:07:52	] mamen(…C26–Tom…) BUY 1 [6-1-2312-1]Hçn Nguyªn Linh Lé(6,1,2312,0,1) 2(COIN) at Shop[139]
[2023-10-16 23:07:52	] mamen(…C26–Tom…) BUY 1 [6-1-2312-1]Hçn Nguyªn Linh Lé(6,1,2312,0,1) 2(COIN) at Shop[139]
[2023-10-16 23:07:52	] mamen(…C26–Tom…) BUY 1 [6-1-2312-1]Hçn Nguyªn Linh Lé(6,1,2312,0,1) 2(COIN) at Shop[139]
[2023-10-16 23:07:52	] mamen(…C26–Tom…) BUY 1 [6-1-2312-1]Hçn Nguyªn Linh Lé(6,1,2312,0,1) 2(COIN) at Shop[139]
[2023-10-16 23:07:52	] mamen(…C26–Tom…) BUY 1 [6-1-2312-1]Hçn Nguyªn Linh Lé(6,1,2312,0,1) 2(COIN) at Shop[139]
[2023-10-16 23:07:53	] mamen(…C26–Tom…) BUY 1 [6-1-2312-1]Hçn Nguyªn Linh Lé(6,1,2312,0,1) 2(COIN) at Shop[139]
[2023-10-16 23:07:53	] mamen(…C26–Tom…) BUY 1 [6-1-2312-1]Hçn Nguyªn Linh Lé(6,1,2312,0,1) 2(COIN) at Shop[139]
[2023-10-16 23:07:53	] mamen(…C26–Tom…) BUY 1 [6-1-2312-1]Hçn Nguyªn Linh Lé(6,1,2312,0,1) 2(COIN) at Shop[139]
[2023-10-16 23:07:53	] mamen(…C26–Tom…) BUY 1 [6-1-2312-1]Hçn Nguyªn Linh Lé(6,1,2312,0,1) 2(COIN) at Shop[139]
[2023-10-16 23:07:53	] mamen(…C26–Tom…) BUY 1 [6-1-2312-1]Hçn Nguyªn Linh Lé(6,1,2312,0,1) 2(COIN) at Shop[139]
[2023-10-16 23:07:53	] mamen(…C26–Tom…) BUY 1 [6-1-2312-1]Hçn Nguyªn Linh Lé(6,1,2312,0,1) 2(COIN) at Shop[139]
[2023-10-16 23:07:53	] mamen(…C26–Tom…) BUY 1 [6-1-2312-1]Hçn Nguyªn Linh Lé(6,1,2312,0,1) 2(COIN) at Shop[139]
[2023-10-16 23:07:53	] mamen(…C26–Tom…) BUY 1 [6-1-2312-1]Hçn Nguyªn Linh Lé(6,1,2312,0,1) 2(COIN) at Shop[139]
[2023-10-16 23:07:53	] mamen(…C26–Tom…) BUY 1 [6-1-2312-1]Hçn Nguyªn Linh Lé(6,1,2312,0,1) 2(COIN) at Shop[139]
[2023-10-16 23:07:53	] mamen(…C26–Tom…) BUY 1 [6-1-2312-1]Hçn Nguyªn Linh Lé(6,1,2312,0,1) 2(COIN) at Shop[139]
[2023-10-16 23:07:53	] mamen(…C26–Tom…) BUY 1 [6-1-2312-1]Hçn Nguyªn Linh Lé(6,1,2312,0,1) 2(COIN) at Shop[139]
[2023-10-16 23:07:53	] mamen(…C26–Tom…) BUY 1 [6-1-2312-1]Hçn Nguyªn Linh Lé(6,1,2312,0,1) 2(COIN) at Shop[139]
[2023-10-16 23:09:01	] mamen(…C26–Tom…) BUY 1 [6-1-2527-1]Håi thiªn t¸i t¹o lÔ bao(6,1,2527,0,1) 2(COIN) at Shop[139]
[2023-10-16 23:18:55	] mamen(…C26–Tom…) BUY 1 [6-1-1448-1]M¹c B¾c TruyÒn Tèng LÖnh(6,1,1448,0,1) 1(COIN) at Shop[142]
[2023-10-16 23:18:55	] mamen(…C26–Tom…) BUY 1 [6-1-1448-1]M¹c B¾c TruyÒn Tèng LÖnh(6,1,1448,0,1) 1(COIN) at Shop[142]
[2023-10-16 23:18:55	] mamen(…C26–Tom…) BUY 1 [6-1-1448-1]M¹c B¾c TruyÒn Tèng LÖnh(6,1,1448,0,1) 1(COIN) at Shop[142]
[2023-10-16 23:18:55	] mamen(…C26–Tom…) BUY 1 [6-1-1448-1]M¹c B¾c TruyÒn Tèng LÖnh(6,1,1448,0,1) 1(COIN) at Shop[142]
[2023-10-16 23:18:55	] mamen(…C26–Tom…) BUY 1 [6-1-1448-1]M¹c B¾c TruyÒn Tèng LÖnh(6,1,1448,0,1) 1(COIN) at Shop[142]
[2023-10-16 23:18:55	] mamen(…C26–Tom…) BUY 1 [6-1-1448-1]M¹c B¾c TruyÒn Tèng LÖnh(6,1,1448,0,1) 1(COIN) at Shop[142]
[2023-10-16 23:18:55	] mamen(…C26–Tom…) BUY 1 [6-1-1448-1]M¹c B¾c TruyÒn Tèng LÖnh(6,1,1448,0,1) 1(COIN) at Shop[142]
[2023-10-16 23:18:55	] mamen(…C26–Tom…) BUY 1 [6-1-1448-1]M¹c B¾c TruyÒn Tèng LÖnh(6,1,1448,0,1) 1(COIN) at Shop[142]
[2023-10-16 23:18:55	] mamen(…C26–Tom…) BUY 1 [6-1-1448-1]M¹c B¾c TruyÒn Tèng LÖnh(6,1,1448,0,1) 1(COIN) at Shop[142]
[2023-10-16 23:18:55	] mamen(…C26–Tom…) BUY 1 [6-1-1448-1]M¹c B¾c TruyÒn Tèng LÖnh(6,1,1448,0,1) 1(COIN) at Shop[142]
[2023-10-16 23:28:43	] mamen(…C26–Tom…) BUY 1 [6-1-147-8]HuyÒn Tinh Kho¸ng Th¹ch (6,1,147,0,8) 150(COIN) at Shop[141]
[2023-10-16 23:28:43	] mamen(…C26–Tom…) BUY 1 [6-1-147-8]HuyÒn Tinh Kho¸ng Th¹ch (6,1,147,0,8) 150(COIN) at Shop[141]
[2023-10-16 23:28:43	] mamen(…C26–Tom…) BUY 1 [6-1-147-8]HuyÒn Tinh Kho¸ng Th¹ch (6,1,147,0,8) 150(COIN) at Shop[141]
[2023-10-16 23:28:43	] mamen(…C26–Tom…) BUY 1 [6-1-147-8]HuyÒn Tinh Kho¸ng Th¹ch (6,1,147,0,8) 150(COIN) at Shop[141]
[2023-10-16 23:28:43	] mamen(…C26–Tom…) BUY 1 [6-1-147-8]HuyÒn Tinh Kho¸ng Th¹ch (6,1,147,0,8) 150(COIN) at Shop[141]
[2023-10-16 23:28:44	] mamen(…C26–Tom…) BUY 1 [6-1-147-8]HuyÒn Tinh Kho¸ng Th¹ch (6,1,147,0,8) 150(COIN) at Shop[141]
[2023-10-16 23:29:03	] mamen(…C26–Tom…) BUY 1 [4-239-1-1]Tö Thñy Tinh(4,239,1,0,1) 2(COIN) at Shop[141]
[2023-10-16 23:29:03	] mamen(…C26–Tom…) BUY 1 [4-239-1-1]Tö Thñy Tinh(4,239,1,0,1) 2(COIN) at Shop[141]
[2023-10-16 23:29:03	] mamen(…C26–Tom…) BUY 1 [4-239-1-1]Tö Thñy Tinh(4,239,1,0,1) 2(COIN) at Shop[141]
[2023-10-16 23:29:03	] mamen(…C26–Tom…) BUY 1 [4-239-1-1]Tö Thñy Tinh(4,239,1,0,1) 2(COIN) at Shop[141]
[2023-10-16 23:29:03	] mamen(…C26–Tom…) BUY 1 [4-239-1-1]Tö Thñy Tinh(4,239,1,0,1) 2(COIN) at Shop[141]
[2023-10-16 23:29:03	] mamen(…C26–Tom…) BUY 1 [4-239-1-1]Tö Thñy Tinh(4,239,1,0,1) 2(COIN) at Shop[141]
[2023-10-16 23:29:03	] mamen(…C26–Tom…) BUY 1 [4-239-1-1]Tö Thñy Tinh(4,239,1,0,1) 2(COIN) at Shop[141]
[2023-10-16 23:29:03	] mamen(…C26–Tom…) BUY 1 [4-239-1-1]Tö Thñy Tinh(4,239,1,0,1) 2(COIN) at Shop[141]
[2023-10-16 23:29:03	] mamen(…C26–Tom…) BUY 1 [4-239-1-1]Tö Thñy Tinh(4,239,1,0,1) 2(COIN) at Shop[141]
[2023-10-16 23:29:03	] mamen(…C26–Tom…) BUY 1 [4-239-1-1]Tö Thñy Tinh(4,239,1,0,1) 2(COIN) at Shop[141]
[2023-10-16 23:29:04	] mamen(…C26–Tom…) BUY 1 [4-239-1-1]Tö Thñy Tinh(4,239,1,0,1) 2(COIN) at Shop[141]
[2023-10-16 23:29:04	] mamen(…C26–Tom…) BUY 1 [4-239-1-1]Tö Thñy Tinh(4,239,1,0,1) 2(COIN) at Shop[141]
[2023-10-16 23:29:04	] mamen(…C26–Tom…) BUY 1 [4-239-1-1]Tö Thñy Tinh(4,239,1,0,1) 2(COIN) at Shop[141]
[2023-10-16 23:29:04	] mamen(…C26–Tom…) BUY 1 [4-239-1-1]Tö Thñy Tinh(4,239,1,0,1) 2(COIN) at Shop[141]
[2023-10-16 23:29:04	] mamen(…C26–Tom…) BUY 1 [4-239-1-1]Tö Thñy Tinh(4,239,1,0,1) 2(COIN) at Shop[141]
[2023-10-16 23:29:04	] mamen(…C26–Tom…) BUY 1 [4-239-1-1]Tö Thñy Tinh(4,239,1,0,1) 2(COIN) at Shop[141]
[2023-10-16 23:29:04	] mamen(…C26–Tom…) BUY 1 [4-239-1-1]Tö Thñy Tinh(4,239,1,0,1) 2(COIN) at Shop[141]
[2023-10-16 23:29:04	] mamen(…C26–Tom…) BUY 1 [4-239-1-1]Tö Thñy Tinh(4,239,1,0,1) 2(COIN) at Shop[141]
[2023-10-16 23:29:04	] mamen(…C26–Tom…) BUY 1 [4-239-1-1]Tö Thñy Tinh(4,239,1,0,1) 2(COIN) at Shop[141]
[2023-10-16 23:29:04	] mamen(…C26–Tom…) BUY 1 [4-239-1-1]Tö Thñy Tinh(4,239,1,0,1) 2(COIN) at Shop[141]
[2023-10-16 23:29:51	] mamen(…C26–Tom…) BUY 1 [6-1-147-3]HuyÒn Tinh Kho¸ng Th¹ch (6,1,147,0,3) 12(COIN) at Shop[141]
[2023-10-16 23:34:12	] mamen(…C26–Tom…) BUY 1 [6-1-147-8]HuyÒn Tinh Kho¸ng Th¹ch (6,1,147,0,8) 150(COIN) at Shop[141]
[2023-10-16 23:34:12	] mamen(…C26–Tom…) BUY 1 [6-1-147-8]HuyÒn Tinh Kho¸ng Th¹ch (6,1,147,0,8) 150(COIN) at Shop[141]
[2023-10-16 23:34:12	] mamen(…C26–Tom…) BUY 1 [6-1-147-8]HuyÒn Tinh Kho¸ng Th¹ch (6,1,147,0,8) 150(COIN) at Shop[141]
[2023-10-16 23:34:12	] mamen(…C26–Tom…) BUY 1 [6-1-147-8]HuyÒn Tinh Kho¸ng Th¹ch (6,1,147,0,8) 150(COIN) at Shop[141]
[2023-10-16 23:34:12	] mamen(…C26–Tom…) BUY 1 [6-1-147-8]HuyÒn Tinh Kho¸ng Th¹ch (6,1,147,0,8) 150(COIN) at Shop[141]
[2023-10-16 23:34:12	] mamen(…C26–Tom…) BUY 1 [6-1-147-8]HuyÒn Tinh Kho¸ng Th¹ch (6,1,147,0,8) 150(COIN) at Shop[141]
[2023-10-16 23:34:12	] mamen(…C26–Tom…) BUY 1 [6-1-147-8]HuyÒn Tinh Kho¸ng Th¹ch (6,1,147,0,8) 150(COIN) at Shop[141]
[2023-10-16 23:34:30	] mamen(…C26–Tom…) BUY 1 [6-1-147-8]HuyÒn Tinh Kho¸ng Th¹ch (6,1,147,0,8) 150(COIN) at Shop[141]
[2023-10-16 23:34:30	] mamen(…C26–Tom…) BUY 1 [6-1-147-8]HuyÒn Tinh Kho¸ng Th¹ch (6,1,147,0,8) 150(COIN) at Shop[141]
[2023-10-16 23:35:41	] mamen(…C26–Tom…) BUY 1 [4-239-1-1]Tö Thñy Tinh(4,239,1,0,1) 2(COIN) at Shop[141]
[2023-10-16 23:35:41	] mamen(…C26–Tom…) BUY 1 [4-239-1-1]Tö Thñy Tinh(4,239,1,0,1) 2(COIN) at Shop[141]
[2023-10-16 23:35:42	] mamen(…C26–Tom…) BUY 1 [4-239-1-1]Tö Thñy Tinh(4,239,1,0,1) 2(COIN) at Shop[141]
[2023-10-16 23:35:42	] mamen(…C26–Tom…) BUY 1 [4-239-1-1]Tö Thñy Tinh(4,239,1,0,1) 2(COIN) at Shop[141]
[2023-10-16 23:35:42	] mamen(…C26–Tom…) BUY 1 [4-239-1-1]Tö Thñy Tinh(4,239,1,0,1) 2(COIN) at Shop[141]
[2023-10-16 23:35:42	] mamen(…C26–Tom…) BUY 1 [4-239-1-1]Tö Thñy Tinh(4,239,1,0,1) 2(COIN) at Shop[141]
[2023-10-16 23:35:42	] mamen(…C26–Tom…) BUY 1 [4-239-1-1]Tö Thñy Tinh(4,239,1,0,1) 2(COIN) at Shop[141]
[2023-10-16 23:35:42	] mamen(…C26–Tom…) BUY 1 [4-239-1-1]Tö Thñy Tinh(4,239,1,0,1) 2(COIN) at Shop[141]
[2023-10-16 23:35:42	] mamen(…C26–Tom…) BUY 1 [4-239-1-1]Tö Thñy Tinh(4,239,1,0,1) 2(COIN) at Shop[141]
[2023-10-16 23:35:42	] mamen(…C26–Tom…) BUY 1 [4-239-1-1]Tö Thñy Tinh(4,239,1,0,1) 2(COIN) at Shop[141]
[2023-10-16 23:35:42	] mamen(…C26–Tom…) BUY 1 [4-239-1-1]Tö Thñy Tinh(4,239,1,0,1) 2(COIN) at Shop[141]
[2023-10-16 23:35:42	] mamen(…C26–Tom…) BUY 1 [4-239-1-1]Tö Thñy Tinh(4,239,1,0,1) 2(COIN) at Shop[141]
[2023-10-16 23:35:42	] mamen(…C26–Tom…) BUY 1 [4-239-1-1]Tö Thñy Tinh(4,239,1,0,1) 2(COIN) at Shop[141]
[2023-10-16 23:35:42	] mamen(…C26–Tom…) BUY 1 [4-239-1-1]Tö Thñy Tinh(4,239,1,0,1) 2(COIN) at Shop[141]
[2023-10-16 23:35:42	] mamen(…C26–Tom…) BUY 1 [4-239-1-1]Tö Thñy Tinh(4,239,1,0,1) 2(COIN) at Shop[141]
[2023-10-16 23:35:42	] mamen(…C26–Tom…) BUY 1 [4-239-1-1]Tö Thñy Tinh(4,239,1,0,1) 2(COIN) at Shop[141]
[2023-10-16 23:35:42	] mamen(…C26–Tom…) BUY 1 [4-239-1-1]Tö Thñy Tinh(4,239,1,0,1) 2(COIN) at Shop[141]
[2023-10-16 23:35:43	] mamen(…C26–Tom…) BUY 1 [4-239-1-1]Tö Thñy Tinh(4,239,1,0,1) 2(COIN) at Shop[141]
[2023-10-16 23:35:43	] mamen(…C26–Tom…) BUY 1 [4-239-1-1]Tö Thñy Tinh(4,239,1,0,1) 2(COIN) at Shop[141]
[2023-10-16 23:35:43	] mamen(…C26–Tom…) BUY 1 [4-239-1-1]Tö Thñy Tinh(4,239,1,0,1) 2(COIN) at Shop[141]
