2023-10-17 00:43:57	Add tungbach1990(GameMaster2)
2023-10-17 00:43:57	tungbach1990(GameMaster2) sync data from bishop
2023-10-17 00:43:58	tungbach1990(GameMaster2) login
2023-10-17 00:44:24	Add mamen(…C26–Tom…)
2023-10-17 00:44:24	mamen(…C26–Tom…) sync data from bishop
2023-10-17 00:44:24	mamen(…C26–Tom…) login
2023-10-17 00:44:39	tungbach1990(GameMaster2) logout
2023-10-17 00:44:39	Del tungbach1990(GameMaster2): quit
2023-10-17 00:44:43	Add tungbach1990(GameMaster2)
2023-10-17 00:44:43	tungbach1990(GameMaster2) sync data from bishop
2023-10-17 00:44:44	tungbach1990(GameMaster2) login
2023-10-17 00:44:48	tungbach1990(GameMaster2) logout
2023-10-17 00:44:48	Del tungbach1990(GameMaster2): quit
2023-10-17 00:45:02	Add tungbach1990(GameMaster2)
2023-10-17 00:45:02	tungbach1990(GameMaster2) sync data from bishop
2023-10-17 00:45:02	tungbach1990(GameMaster2) login
2023-10-17 00:48:40	mamen(…C26–Tom…) logout
2023-10-17 00:48:40	Del mamen(…C26–Tom…): quit
2023-10-17 00:48:58	Add mamen(…Ma–Men…)
2023-10-17 00:48:58	mamen(…Ma–Men…) sync data from bishop
2023-10-17 00:48:58	mamen(…Ma–Men…) login
2023-10-17 00:49:00	mamen(…Ma–Men…) logout
2023-10-17 00:49:00	Del mamen(…Ma–Men…): quit
2023-10-17 00:49:17	Add mamen(CBR1000)
2023-10-17 00:49:17	mamen(CBR1000) sync data from bishop
2023-10-17 00:49:17	mamen(CBR1000) login
2023-10-17 00:49:55	[ShutdownClient]	Kick Out, ReasonId (7) 2023-10-17 00:49:55	mamen(CBR1000) logout
2023-10-17 00:49:55	Del mamen(CBR1000): quit
2023-10-17 00:49:59	Add mamen(CBR1000)
2023-10-17 00:49:59	mamen(CBR1000) sync data from bishop
2023-10-17 00:49:59	mamen(CBR1000) login
2023-10-17 01:09:36	[ShutdownClient]	Kick Out, ReasonId (2) 2023-10-17 01:09:36	mamen(CBR1000) logout
2023-10-17 01:09:36	Del mamen(CBR1000): quit
2023-10-17 01:09:44	Add mamen(…Ma–Men…)
2023-10-17 01:09:44	mamen(…Ma–Men…) sync data from bishop
2023-10-17 01:09:44	mamen(…Ma–Men…) login
2023-10-17 01:09:49	mamen(…Ma–Men…) logout
2023-10-17 01:09:49	Del mamen(…Ma–Men…): quit
2023-10-17 01:09:59	Add mamen(…–Tom…)
2023-10-17 01:09:59	mamen(…–Tom…) sync data from bishop
2023-10-17 01:09:59	mamen(…–Tom…) login
2023-10-17 01:13:24	[ShutdownClient]	Close connection[2] for request.
2023-10-17 01:13:24	mamen(…–Tom…) logout
2023-10-17 01:13:24	Del mamen(…–Tom…): quit
2023-10-17 01:17:22	Add tungbach1990(GameMaster2)
2023-10-17 01:17:22	tungbach1990(GameMaster2) sync data from bishop
2023-10-17 01:17:22	tungbach1990(GameMaster2) login
2023-10-17 01:18:15	tungbach1990(GameMaster2) logout
2023-10-17 01:18:15	Del tungbach1990(GameMaster2): quit
2023-10-17 01:19:54	Add mamen(…–Tom…)
2023-10-17 01:19:54	mamen(…–Tom…) sync data from bishop
2023-10-17 01:19:54	mamen(…–Tom…) login
2023-10-17 01:20:34	mamen(…–Tom…) logout
2023-10-17 01:20:34	Del mamen(…–Tom…): quit
2023-10-17 05:38:47	[ShutdownClient]	shut down client(3) - ip(62.233.50.55 : 64569) because invalid protocol!
2023-10-17 11:37:34	Add mamen(…–Tom…)
2023-10-17 11:37:34	mamen(…–Tom…) sync data from bishop
2023-10-17 11:37:34	mamen(…–Tom…) login
2023-10-17 11:49:34	Add mamen1(TVCAAA)
2023-10-17 11:49:34	mamen1(TVCAAA) sync data from bishop
2023-10-17 11:49:35	mamen1(TVCAAA) login
2023-10-17 11:50:00	[ShutdownClient]	Kick Out, ReasonId (7) 2023-10-17 11:50:00	mamen1(TVCAAA) logout
2023-10-17 11:50:00	Del mamen1(TVCAAA): quit
2023-10-17 11:50:05	Add mamen1(TVCAAA)
2023-10-17 11:50:05	mamen1(TVCAAA) sync data from bishop
2023-10-17 11:50:05	mamen1(TVCAAA) login
2023-10-17 11:50:09	mamen(…–Tom…) logout
2023-10-17 11:50:09	Del mamen(…–Tom…): quit
2023-10-17 11:51:16	mamen1(TVCAAA) logout
2023-10-17 11:51:16	Del mamen1(TVCAAA): quit
2023-10-17 16:41:44	[ShutdownClient]	shut down client(13) - ip(43.154.60.82 : 14743) because invalid protocol!
2023-10-17 18:56:44	Add mamen1(TVCAAA)
2023-10-17 18:56:44	mamen1(TVCAAA) sync data from bishop
2023-10-17 18:56:44	mamen1(TVCAAA) login
2023-10-17 18:58:30	mamen1(TVCAAA) logout
2023-10-17 18:58:30	Del mamen1(TVCAAA): quit
2023-10-17 18:58:38	Add mamen(…Ma–Men…)
2023-10-17 18:58:38	mamen(…Ma–Men…) sync data from bishop
2023-10-17 18:58:38	mamen(…Ma–Men…) login
2023-10-17 18:59:29	mamen(…Ma–Men…) logout
2023-10-17 18:59:29	Del mamen(…Ma–Men…): quit
2023-10-17 18:59:38	Add mamen(…C26–Tom…)
2023-10-17 18:59:38	mamen(…C26–Tom…) sync data from bishop
2023-10-17 18:59:38	mamen(…C26–Tom…) login
2023-10-17 19:49:03	Add mamen1(NMCNMC)
2023-10-17 19:49:03	mamen1(NMCNMC) sync data from bishop
2023-10-17 19:49:03	mamen1(NMCNMC) login
2023-10-17 19:50:29	[ShutdownClient]	Kick Out, ReasonId (7) 2023-10-17 19:50:29	mamen1(NMCNMC) logout
2023-10-17 19:50:29	Del mamen1(NMCNMC): quit
2023-10-17 19:50:34	Add mamen1(NMCNMC)
2023-10-17 19:50:34	mamen1(NMCNMC) sync data from bishop
2023-10-17 19:50:34	mamen1(NMCNMC) login
2023-10-17 19:52:05	mamen1(NMCNMC) logout
2023-10-17 19:52:05	Del mamen1(NMCNMC): quit
2023-10-17 22:57:04	mamen(…C26–Tom…) logout
2023-10-17 22:57:04	Del mamen(…C26–Tom…): quit
