[2023-10-17 00:39:59	] mamen(…C26–Tom…) BUY 1 [6-1-1670-1]Tİn vËt m«n ph¸i(6,1,1670,0,1) 100(COIN) at Shop[139]
[2023-10-17 00:49:39	] mamen(CBR1000) SEL 1 Háa Tinh Kim Hæ V­¬ng(0,10,15,0,10) 125000(MONEY) at Shop[38]
[2023-10-17 00:49:39	] mamen(CBR1000) SEL 1 Long Tinh H¾c Hæ V­¬ng(0,10,17,0,10) 125000(MONEY) at Shop[38]
[2023-10-17 00:49:39	] mamen(CBR1000) SEL 1 Kim Tinh B¹ch Hæ V­¬ng(0,10,16,0,10) 125000(MONEY) at Shop[38]
[2023-10-17 00:49:40	] mamen(CBR1000) SEL 1 Kim Tinh Hæ V­¬ng(0,10,14,0,10) 125000(MONEY) at Shop[38]
[2023-10-17 01:08:53	] mamen(CBR1000) BUY 1 [6-1-2219-1]Cµn kh«n song tuyÖt Béi(6,1,2219,0,1) 200(COIN) at Shop[139]
[2023-10-17 01:10:22	] mamen(…–Tom…) BUY 1 [6-1-1448-1]M¹c B¾c TruyÒn Tèng LÖnh(6,1,1448,0,1) 1(COIN) at Shop[142]
[2023-10-17 01:10:22	] mamen(…–Tom…) BUY 1 [6-1-1448-1]M¹c B¾c TruyÒn Tèng LÖnh(6,1,1448,0,1) 1(COIN) at Shop[142]
[2023-10-17 11:45:56	] mamen(…–Tom…) SEL 1 [Hoµn Mü] Vinh DiÖu Y(0,2,9,0,10) 24999(MONEY) at Shop[38]
[2023-10-17 11:45:56	] mamen(…–Tom…) SEL 1 [Hoµn Mü] Tinh ChuÈn Ngoa(0,5,1,0,10) 24999(MONEY) at Shop[38]
[2023-10-17 11:45:57	] mamen(…–Tom…) SEL 1 Thiªn Hµ Giíi(0,3,0,0,10) 24999(MONEY) at Shop[38]
[2023-10-17 11:45:57	] mamen(…–Tom…) SEL 1 [Hoµn Mü] Vinh DiÖu Y(0,2,9,0,10) 24999(MONEY) at Shop[38]
[2023-10-17 11:45:58	] mamen(…–Tom…) SEL 1 [Hoµn Mü] Vinh DiÖu Y(0,2,9,0,10) 24999(MONEY) at Shop[38]
[2023-10-17 11:45:58	] mamen(…–Tom…) SEL 1 Ma S¸t V©n Long Thæ Ch©u giíi(0,3,0,1,10) 12499(MONEY) at Shop[38]
[2023-10-17 11:46:15	] mamen(…–Tom…) SEL 1 [Hoµn Mü] Tinh ChuÈn Ngoa(0,5,1,0,10) 24999(MONEY) at Shop[38]
[2023-10-17 11:46:16	] mamen(…–Tom…) SEL 1 [Hoµn Mü] Vinh DiÖu Y(0,2,9,0,10) 24999(MONEY) at Shop[38]
[2023-10-17 11:47:40	] mamen(…–Tom…) BUY 1 [6-1-1670-1]Tİn vËt m«n ph¸i(6,1,1670,0,1) 100(COIN) at Shop[139]
[2023-10-17 19:01:39	] mamen(…C26–Tom…) BUY 1 [6-1-1704-1]TrÊn ph¸i linh ®¬n(6,1,1704,0,1) 10(COIN) at Shop[139]
[2023-10-17 19:01:48	] mamen(…C26–Tom…) BUY 1 [6-1-1704-1]TrÊn ph¸i linh ®¬n(6,1,1704,0,1) 10(COIN) at Shop[139]
[2023-10-17 19:01:48	] mamen(…C26–Tom…) BUY 1 [6-1-1704-1]TrÊn ph¸i linh ®¬n(6,1,1704,0,1) 10(COIN) at Shop[139]
[2023-10-17 19:01:48	] mamen(…C26–Tom…) BUY 1 [6-1-1704-1]TrÊn ph¸i linh ®¬n(6,1,1704,0,1) 10(COIN) at Shop[139]
[2023-10-17 19:01:48	] mamen(…C26–Tom…) BUY 1 [6-1-1704-1]TrÊn ph¸i linh ®¬n(6,1,1704,0,1) 10(COIN) at Shop[139]
[2023-10-17 19:01:48	] mamen(…C26–Tom…) BUY 1 [6-1-1704-1]TrÊn ph¸i linh ®¬n(6,1,1704,0,1) 10(COIN) at Shop[139]
[2023-10-17 19:01:48	] mamen(…C26–Tom…) BUY 1 [6-1-1704-1]TrÊn ph¸i linh ®¬n(6,1,1704,0,1) 10(COIN) at Shop[139]
[2023-10-17 19:01:48	] mamen(…C26–Tom…) BUY 1 [6-1-1704-1]TrÊn ph¸i linh ®¬n(6,1,1704,0,1) 10(COIN) at Shop[139]
[2023-10-17 19:01:48	] mamen(…C26–Tom…) BUY 1 [6-1-1704-1]TrÊn ph¸i linh ®¬n(6,1,1704,0,1) 10(COIN) at Shop[139]
[2023-10-17 19:01:48	] mamen(…C26–Tom…) BUY 1 [6-1-1704-1]TrÊn ph¸i linh ®¬n(6,1,1704,0,1) 10(COIN) at Shop[139]
[2023-10-17 19:01:48	] mamen(…C26–Tom…) BUY 1 [6-1-1704-1]TrÊn ph¸i linh ®¬n(6,1,1704,0,1) 10(COIN) at Shop[139]
[2023-10-17 19:01:48	] mamen(…C26–Tom…) BUY 1 [6-1-1704-1]TrÊn ph¸i linh ®¬n(6,1,1704,0,1) 10(COIN) at Shop[139]
[2023-10-17 19:01:48	] mamen(…C26–Tom…) BUY 1 [6-1-1704-1]TrÊn ph¸i linh ®¬n(6,1,1704,0,1) 10(COIN) at Shop[139]
[2023-10-17 19:01:48	] mamen(…C26–Tom…) BUY 1 [6-1-1704-1]TrÊn ph¸i linh ®¬n(6,1,1704,0,1) 10(COIN) at Shop[139]
[2023-10-17 19:01:48	] mamen(…C26–Tom…) BUY 1 [6-1-1704-1]TrÊn ph¸i linh ®¬n(6,1,1704,0,1) 10(COIN) at Shop[139]
[2023-10-17 19:01:53	] mamen(…C26–Tom…) BUY 1 [6-1-1705-1]TrÊn ph¸i linh d­îc(6,1,1705,0,1) 10(COIN) at Shop[139]
[2023-10-17 19:01:53	] mamen(…C26–Tom…) BUY 1 [6-1-1705-1]TrÊn ph¸i linh d­îc(6,1,1705,0,1) 10(COIN) at Shop[139]
[2023-10-17 19:01:53	] mamen(…C26–Tom…) BUY 1 [6-1-1705-1]TrÊn ph¸i linh d­îc(6,1,1705,0,1) 10(COIN) at Shop[139]
[2023-10-17 19:01:53	] mamen(…C26–Tom…) BUY 1 [6-1-1705-1]TrÊn ph¸i linh d­îc(6,1,1705,0,1) 10(COIN) at Shop[139]
[2023-10-17 19:01:53	] mamen(…C26–Tom…) BUY 1 [6-1-1705-1]TrÊn ph¸i linh d­îc(6,1,1705,0,1) 10(COIN) at Shop[139]
[2023-10-17 19:01:53	] mamen(…C26–Tom…) BUY 1 [6-1-1705-1]TrÊn ph¸i linh d­îc(6,1,1705,0,1) 10(COIN) at Shop[139]
[2023-10-17 19:01:53	] mamen(…C26–Tom…) BUY 1 [6-1-1705-1]TrÊn ph¸i linh d­îc(6,1,1705,0,1) 10(COIN) at Shop[139]
[2023-10-17 19:01:53	] mamen(…C26–Tom…) BUY 1 [6-1-1705-1]TrÊn ph¸i linh d­îc(6,1,1705,0,1) 10(COIN) at Shop[139]
[2023-10-17 19:01:53	] mamen(…C26–Tom…) BUY 1 [6-1-1705-1]TrÊn ph¸i linh d­îc(6,1,1705,0,1) 10(COIN) at Shop[139]
[2023-10-17 19:01:53	] mamen(…C26–Tom…) BUY 1 [6-1-1705-1]TrÊn ph¸i linh d­îc(6,1,1705,0,1) 10(COIN) at Shop[139]
[2023-10-17 19:01:53	] mamen(…C26–Tom…) BUY 1 [6-1-1705-1]TrÊn ph¸i linh d­îc(6,1,1705,0,1) 10(COIN) at Shop[139]
[2023-10-17 19:01:53	] mamen(…C26–Tom…) BUY 1 [6-1-1705-1]TrÊn ph¸i linh d­îc(6,1,1705,0,1) 10(COIN) at Shop[139]
[2023-10-17 19:01:53	] mamen(…C26–Tom…) BUY 1 [6-1-1705-1]TrÊn ph¸i linh d­îc(6,1,1705,0,1) 10(COIN) at Shop[139]
[2023-10-17 19:01:53	] mamen(…C26–Tom…) BUY 1 [6-1-1705-1]TrÊn ph¸i linh d­îc(6,1,1705,0,1) 10(COIN) at Shop[139]
[2023-10-17 19:01:53	] mamen(…C26–Tom…) BUY 1 [6-1-1705-1]TrÊn ph¸i linh d­îc(6,1,1705,0,1) 10(COIN) at Shop[139]
[2023-10-17 19:45:37	] mamen(…C26–Tom…) BUY 1 [6-1-2527-1]Håi thiªn t¸i t¹o lÔ bao(6,1,2527,0,1) 2(COIN) at Shop[139]
[2023-10-17 19:45:40	] mamen(…C26–Tom…) BUY 1 [6-1-2527-1]Håi thiªn t¸i t¹o lÔ bao(6,1,2527,0,1) 2(COIN) at Shop[139]
[2023-10-17 19:45:46	] mamen(…C26–Tom…) BUY 1 [6-1-1448-1]M¹c B¾c TruyÒn Tèng LÖnh(6,1,1448,0,1) 1(COIN) at Shop[142]
[2023-10-17 20:11:26	] mamen(…C26–Tom…) BUY 1 [6-1-147-8]HuyÒn Tinh Kho¸ng Th¹ch (6,1,147,0,8) 150(COIN) at Shop[141]
[2023-10-17 20:11:26	] mamen(…C26–Tom…) BUY 1 [6-1-147-8]HuyÒn Tinh Kho¸ng Th¹ch (6,1,147,0,8) 150(COIN) at Shop[141]
[2023-10-17 20:11:26	] mamen(…C26–Tom…) BUY 1 [6-1-147-8]HuyÒn Tinh Kho¸ng Th¹ch (6,1,147,0,8) 150(COIN) at Shop[141]
[2023-10-17 20:11:26	] mamen(…C26–Tom…) BUY 1 [6-1-147-8]HuyÒn Tinh Kho¸ng Th¹ch (6,1,147,0,8) 150(COIN) at Shop[141]
[2023-10-17 20:11:26	] mamen(…C26–Tom…) BUY 1 [6-1-147-8]HuyÒn Tinh Kho¸ng Th¹ch (6,1,147,0,8) 150(COIN) at Shop[141]
[2023-10-17 20:11:26	] mamen(…C26–Tom…) BUY 1 [6-1-147-8]HuyÒn Tinh Kho¸ng Th¹ch (6,1,147,0,8) 150(COIN) at Shop[141]
[2023-10-17 20:11:26	] mamen(…C26–Tom…) BUY 1 [6-1-147-8]HuyÒn Tinh Kho¸ng Th¹ch (6,1,147,0,8) 150(COIN) at Shop[141]
[2023-10-17 20:11:27	] mamen(…C26–Tom…) BUY 1 [6-1-147-8]HuyÒn Tinh Kho¸ng Th¹ch (6,1,147,0,8) 150(COIN) at Shop[141]
[2023-10-17 20:11:27	] mamen(…C26–Tom…) BUY 1 [6-1-147-8]HuyÒn Tinh Kho¸ng Th¹ch (6,1,147,0,8) 150(COIN) at Shop[141]
[2023-10-17 20:11:27	] mamen(…C26–Tom…) BUY 1 [6-1-147-8]HuyÒn Tinh Kho¸ng Th¹ch (6,1,147,0,8) 150(COIN) at Shop[141]
[2023-10-17 20:11:32	] mamen(…C26–Tom…) BUY 1 [4-239-1-1]Tö Thñy Tinh(4,239,1,0,1) 2(COIN) at Shop[141]
[2023-10-17 20:11:32	] mamen(…C26–Tom…) BUY 1 [4-239-1-1]Tö Thñy Tinh(4,239,1,0,1) 2(COIN) at Shop[141]
[2023-10-17 20:11:32	] mamen(…C26–Tom…) BUY 1 [4-239-1-1]Tö Thñy Tinh(4,239,1,0,1) 2(COIN) at Shop[141]
[2023-10-17 20:11:32	] mamen(…C26–Tom…) BUY 1 [4-239-1-1]Tö Thñy Tinh(4,239,1,0,1) 2(COIN) at Shop[141]
[2023-10-17 20:11:32	] mamen(…C26–Tom…) BUY 1 [4-239-1-1]Tö Thñy Tinh(4,239,1,0,1) 2(COIN) at Shop[141]
[2023-10-17 20:11:32	] mamen(…C26–Tom…) BUY 1 [4-239-1-1]Tö Thñy Tinh(4,239,1,0,1) 2(COIN) at Shop[141]
[2023-10-17 20:11:32	] mamen(…C26–Tom…) BUY 1 [4-239-1-1]Tö Thñy Tinh(4,239,1,0,1) 2(COIN) at Shop[141]
[2023-10-17 20:11:32	] mamen(…C26–Tom…) BUY 1 [4-239-1-1]Tö Thñy Tinh(4,239,1,0,1) 2(COIN) at Shop[141]
[2023-10-17 20:11:32	] mamen(…C26–Tom…) BUY 1 [4-239-1-1]Tö Thñy Tinh(4,239,1,0,1) 2(COIN) at Shop[141]
[2023-10-17 20:11:32	] mamen(…C26–Tom…) BUY 1 [4-239-1-1]Tö Thñy Tinh(4,239,1,0,1) 2(COIN) at Shop[141]
[2023-10-17 20:11:33	] mamen(…C26–Tom…) BUY 1 [4-239-1-1]Tö Thñy Tinh(4,239,1,0,1) 2(COIN) at Shop[141]
[2023-10-17 20:11:33	] mamen(…C26–Tom…) BUY 1 [4-239-1-1]Tö Thñy Tinh(4,239,1,0,1) 2(COIN) at Shop[141]
[2023-10-17 20:11:33	] mamen(…C26–Tom…) BUY 1 [4-239-1-1]Tö Thñy Tinh(4,239,1,0,1) 2(COIN) at Shop[141]
[2023-10-17 20:11:33	] mamen(…C26–Tom…) BUY 1 [4-239-1-1]Tö Thñy Tinh(4,239,1,0,1) 2(COIN) at Shop[141]
[2023-10-17 20:11:33	] mamen(…C26–Tom…) BUY 1 [4-239-1-1]Tö Thñy Tinh(4,239,1,0,1) 2(COIN) at Shop[141]
[2023-10-17 20:11:33	] mamen(…C26–Tom…) BUY 1 [4-239-1-1]Tö Thñy Tinh(4,239,1,0,1) 2(COIN) at Shop[141]
[2023-10-17 20:14:10	] mamen(…C26–Tom…) BUY 1 [4-239-1-1]Tö Thñy Tinh(4,239,1,0,1) 2(COIN) at Shop[141]
[2023-10-17 20:14:10	] mamen(…C26–Tom…) BUY 1 [4-239-1-1]Tö Thñy Tinh(4,239,1,0,1) 2(COIN) at Shop[141]
[2023-10-17 20:14:10	] mamen(…C26–Tom…) BUY 1 [4-239-1-1]Tö Thñy Tinh(4,239,1,0,1) 2(COIN) at Shop[141]
[2023-10-17 20:14:10	] mamen(…C26–Tom…) BUY 1 [4-239-1-1]Tö Thñy Tinh(4,239,1,0,1) 2(COIN) at Shop[141]
[2023-10-17 20:14:10	] mamen(…C26–Tom…) BUY 1 [4-239-1-1]Tö Thñy Tinh(4,239,1,0,1) 2(COIN) at Shop[141]
[2023-10-17 20:14:10	] mamen(…C26–Tom…) BUY 1 [4-239-1-1]Tö Thñy Tinh(4,239,1,0,1) 2(COIN) at Shop[141]
[2023-10-17 20:14:10	] mamen(…C26–Tom…) BUY 1 [4-239-1-1]Tö Thñy Tinh(4,239,1,0,1) 2(COIN) at Shop[141]
[2023-10-17 20:14:10	] mamen(…C26–Tom…) BUY 1 [4-239-1-1]Tö Thñy Tinh(4,239,1,0,1) 2(COIN) at Shop[141]
[2023-10-17 20:14:10	] mamen(…C26–Tom…) BUY 1 [4-239-1-1]Tö Thñy Tinh(4,239,1,0,1) 2(COIN) at Shop[141]
[2023-10-17 20:14:10	] mamen(…C26–Tom…) BUY 1 [4-239-1-1]Tö Thñy Tinh(4,239,1,0,1) 2(COIN) at Shop[141]
[2023-10-17 20:15:35	] mamen(…C26–Tom…) BUY 1 [6-1-147-8]HuyÒn Tinh Kho¸ng Th¹ch (6,1,147,0,8) 150(COIN) at Shop[141]
[2023-10-17 20:15:35	] mamen(…C26–Tom…) BUY 1 [6-1-147-8]HuyÒn Tinh Kho¸ng Th¹ch (6,1,147,0,8) 150(COIN) at Shop[141]
[2023-10-17 20:15:36	] mamen(…C26–Tom…) BUY 1 [6-1-147-8]HuyÒn Tinh Kho¸ng Th¹ch (6,1,147,0,8) 150(COIN) at Shop[141]
[2023-10-17 20:15:54	] mamen(…C26–Tom…) BUY 1 [4-239-1-1]Tö Thñy Tinh(4,239,1,0,1) 2(COIN) at Shop[141]
[2023-10-17 20:15:54	] mamen(…C26–Tom…) BUY 1 [4-239-1-1]Tö Thñy Tinh(4,239,1,0,1) 2(COIN) at Shop[141]
[2023-10-17 20:15:54	] mamen(…C26–Tom…) BUY 1 [4-239-1-1]Tö Thñy Tinh(4,239,1,0,1) 2(COIN) at Shop[141]
[2023-10-17 20:15:54	] mamen(…C26–Tom…) BUY 1 [4-239-1-1]Tö Thñy Tinh(4,239,1,0,1) 2(COIN) at Shop[141]
[2023-10-17 20:15:54	] mamen(…C26–Tom…) BUY 1 [4-239-1-1]Tö Thñy Tinh(4,239,1,0,1) 2(COIN) at Shop[141]
[2023-10-17 20:15:55	] mamen(…C26–Tom…) BUY 1 [4-239-1-1]Tö Thñy Tinh(4,239,1,0,1) 2(COIN) at Shop[141]
[2023-10-17 20:15:55	] mamen(…C26–Tom…) BUY 1 [4-239-1-1]Tö Thñy Tinh(4,239,1,0,1) 2(COIN) at Shop[141]
[2023-10-17 20:15:55	] mamen(…C26–Tom…) BUY 1 [4-239-1-1]Tö Thñy Tinh(4,239,1,0,1) 2(COIN) at Shop[141]
[2023-10-17 20:15:55	] mamen(…C26–Tom…) BUY 1 [4-239-1-1]Tö Thñy Tinh(4,239,1,0,1) 2(COIN) at Shop[141]
[2023-10-17 20:15:55	] mamen(…C26–Tom…) BUY 1 [4-239-1-1]Tö Thñy Tinh(4,239,1,0,1) 2(COIN) at Shop[141]
