2022-03-15 14:18:44	Add eurofun(HÈiQu∏nV‚L©m)
2022-03-15 14:18:44	eurofun(HÈiQu∏nV‚L©m) sync data from bishop
2022-03-15 14:18:45	eurofun(HÈiQu∏nV‚L©m) login
2022-03-15 14:20:42	[ShutdownClient]	Close connection[1] for request.
2022-03-15 14:20:42	eurofun(HÈiQu∏nV‚L©m) logout
2022-03-15 14:20:42	Del eurofun(HÈiQu∏nV‚L©m): quit
2022-03-15 14:27:16	Add eurofun(HÈiQu∏nV‚L©m)
2022-03-15 14:27:16	eurofun(HÈiQu∏nV‚L©m) sync data from bishop
2022-03-15 14:27:16	eurofun(HÈiQu∏nV‚L©m) login
2022-03-15 16:14:55	[ShutdownClient]	Close connection[1] for request.
2022-03-15 16:14:55	eurofun(HÈiQu∏nV‚L©m) logout
2022-03-15 16:14:55	Del eurofun(HÈiQu∏nV‚L©m): quit
2022-03-15 16:16:11	Add eurofun(HÈiQu∏nV‚L©m)
2022-03-15 16:16:11	eurofun(HÈiQu∏nV‚L©m) sync data from bishop
2022-03-15 16:16:11	eurofun(HÈiQu∏nV‚L©m) login
2022-03-15 16:35:58	[ShutdownClient]	Close connection[1] for request.
2022-03-15 16:35:59	eurofun(HÈiQu∏nV‚L©m) logout
2022-03-15 16:35:59	Del eurofun(HÈiQu∏nV‚L©m): quit
2022-03-15 16:36:12	Add eurofun(HÈiQu∏nV‚L©m)
2022-03-15 16:36:12	eurofun(HÈiQu∏nV‚L©m) sync data from bishop
2022-03-15 16:36:12	eurofun(HÈiQu∏nV‚L©m) login
2022-03-15 16:38:14	[ShutdownClient]	Close connection[1] for request.
2022-03-15 16:38:14	eurofun(HÈiQu∏nV‚L©m) logout
2022-03-15 16:38:14	Del eurofun(HÈiQu∏nV‚L©m): quit
2022-03-15 16:58:46	Add eurofun(HÈiQu∏nV‚L©m)
2022-03-15 16:58:46	eurofun(HÈiQu∏nV‚L©m) sync data from bishop
2022-03-15 16:58:46	eurofun(HÈiQu∏nV‚L©m) login
2022-03-15 16:59:37	[ShutdownClient]	Close connection[1] for request.
2022-03-15 16:59:37	eurofun(HÈiQu∏nV‚L©m) logout
2022-03-15 16:59:37	Del eurofun(HÈiQu∏nV‚L©m): quit
