2023-10-18 00:25:01	[ShutdownClient]	shut down client(19) - ip(62.233.50.179 : 63878) because invalid protocol!
2023-10-18 00:35:15	Add tungbach1990(GameMaster2)
2023-10-18 00:35:15	tungbach1990(GameMaster2) sync data from bishop
2023-10-18 00:35:15	tungbach1990(GameMaster2) login
2023-10-18 00:37:54	[ShutdownClient]	no response from client ID:20(Loop:1513520, PingTime:1512020), kill it...
2023-10-18 00:37:54	tungbach1990(GameMaster2) logout
2023-10-18 00:37:54	Del tungbach1990(GameMaster2): quit
2023-10-18 00:43:59	Add tungbach1990(GameMaster2)
2023-10-18 00:43:59	tungbach1990(GameMaster2) sync data from bishop
2023-10-18 00:43:59	tungbach1990(GameMaster2) login
2023-10-18 00:44:22	[ShutdownClient]	Close connection[2] for request.
2023-10-18 00:44:22	tungbach1990(GameMaster2) logout
2023-10-18 00:44:22	Del tungbach1990(GameMaster2): quit
2023-10-18 00:59:02	Add tungbach1990(GameMaster2)
2023-10-18 00:59:02	tungbach1990(GameMaster2) sync data from bishop
2023-10-18 00:59:02	tungbach1990(GameMaster2) login
2023-10-18 01:12:12	[ShutdownClient]	Close connection[1] for request.
2023-10-18 01:12:12	tungbach1990(GameMaster2) logout
2023-10-18 01:12:12	Del tungbach1990(GameMaster2): quit
2023-10-18 01:12:16	Add tungbach1990(GameMaster2)
2023-10-18 01:12:16	tungbach1990(GameMaster2) sync data from bishop
2023-10-18 01:12:16	tungbach1990(GameMaster2) login
2023-10-18 01:12:19	[ShutdownClient]	Close connection[1] for request.
2023-10-18 01:12:19	tungbach1990(GameMaster2) logout
2023-10-18 01:12:19	Del tungbach1990(GameMaster2): quit
2023-10-18 01:12:28	Add tungbach1990(GameMaster2)
2023-10-18 01:12:28	tungbach1990(GameMaster2) sync data from bishop
2023-10-18 01:12:28	tungbach1990(GameMaster2) login
2023-10-18 01:12:34	[ShutdownClient]	Close connection[1] for request.
2023-10-18 01:12:34	tungbach1990(GameMaster2) logout
2023-10-18 01:12:34	Del tungbach1990(GameMaster2): quit
2023-10-18 01:13:57	Add tungbach1990(GameMaster2)
2023-10-18 01:13:57	tungbach1990(GameMaster2) sync data from bishop
2023-10-18 01:13:57	tungbach1990(GameMaster2) login
2023-10-18 01:14:08	[ShutdownClient]	Close connection[1] for request.
2023-10-18 01:14:08	tungbach1990(GameMaster2) logout
2023-10-18 01:14:08	Del tungbach1990(GameMaster2): quit
2023-10-18 01:15:08	Add tungbach1990(GameMaster2)
2023-10-18 01:15:08	tungbach1990(GameMaster2) sync data from bishop
2023-10-18 01:15:09	tungbach1990(GameMaster2) login
2023-10-18 01:18:11	tungbach1990(GameMaster2) logout
2023-10-18 01:18:20	Del tungbach1990(GameMaster2): quit
2023-10-18 01:19:35	Add tungbach1990(GameMaster2)
2023-10-18 01:19:35	tungbach1990(GameMaster2) sync data from bishop
2023-10-18 01:19:35	tungbach1990(GameMaster2) login
2023-10-18 01:26:30	tungbach1990(GameMaster2) logout
2023-10-18 01:26:30	Del tungbach1990(GameMaster2): quit
2023-10-18 01:26:33	Add tungbach1990(GameMaster2)
2023-10-18 01:26:33	tungbach1990(GameMaster2) sync data from bishop
2023-10-18 01:26:33	tungbach1990(GameMaster2) login
2023-10-18 01:27:39	Add tungbach1990(GameMaster2)
2023-10-18 01:27:39	tungbach1990(GameMaster2) sync data from bishop
2023-10-18 01:27:39	tungbach1990(GameMaster2) login
2023-10-18 01:29:10	tungbach1990(GameMaster2) logout
2023-10-18 01:29:10	Del tungbach1990(GameMaster2): quit
2023-10-18 01:29:20	Add tungbach1990(GameMaster2)
2023-10-18 01:29:20	tungbach1990(GameMaster2) sync data from bishop
2023-10-18 01:29:20	tungbach1990(GameMaster2) login
2023-10-18 01:33:08	Add tungbach1990(GameMaster2)
2023-10-18 01:33:08	tungbach1990(GameMaster2) sync data from bishop
2023-10-18 01:33:08	tungbach1990(GameMaster2) login
2023-10-18 02:32:28	[ShutdownClient]	no response from client ID:0(Loop:65000, PingTime:63500), kill it...
2023-10-18 02:32:28	tungbach1990(GameMaster2) logout
2023-10-18 02:32:28	Del tungbach1990(GameMaster2): quit
2023-10-18 02:33:07	Add tungbach1990(GameMaster2)
2023-10-18 02:33:07	tungbach1990(GameMaster2) sync data from bishop
2023-10-18 02:33:07	tungbach1990(GameMaster2) login
2023-10-18 02:40:38	[ShutdownClient]	shut down client(2) - ip(62.233.50.179 : 65435) because invalid protocol!
2023-10-18 02:41:59	tungbach1990(GameMaster2) logout
2023-10-18 02:41:59	Del tungbach1990(GameMaster2): quit
2023-10-18 02:42:02	Add tungbach1990(GameMaster2)
2023-10-18 02:42:02	tungbach1990(GameMaster2) sync data from bishop
2023-10-18 02:42:02	tungbach1990(GameMaster2) login
2023-10-18 02:46:04	Add tungbach1990(GameMaster2)
2023-10-18 02:46:04	tungbach1990(GameMaster2) sync data from bishop
2023-10-18 02:46:04	tungbach1990(GameMaster2) login
2023-10-18 02:49:09	tungbach1990(GameMaster2) logout
2023-10-18 02:49:09	Del tungbach1990(GameMaster2): quit
2023-10-18 02:49:26	Add tungbach1990(GameMaster2)
2023-10-18 02:49:26	tungbach1990(GameMaster2) sync data from bishop
2023-10-18 02:49:26	tungbach1990(GameMaster2) login
2023-10-18 02:51:12	Add tungbach1990(GameMaster2)
2023-10-18 02:51:12	tungbach1990(GameMaster2) sync data from bishop
2023-10-18 02:51:12	tungbach1990(GameMaster2) login
2023-10-18 03:14:10	[ShutdownClient]	Close connection[1] for request.
2023-10-18 03:14:10	tungbach1990(GameMaster2) logout
2023-10-18 03:14:10	Del tungbach1990(GameMaster2): quit
2023-10-18 03:14:18	Add tungbach1990(GameMaster2)
2023-10-18 03:14:18	tungbach1990(GameMaster2) sync data from bishop
2023-10-18 03:14:18	tungbach1990(GameMaster2) login
2023-10-18 03:14:22	[ShutdownClient]	Close connection[1] for request.
2023-10-18 03:14:22	tungbach1990(GameMaster2) logout
2023-10-18 03:14:22	Del tungbach1990(GameMaster2): quit
2023-10-18 03:16:07	Add tungbach1990(GameMaster2)
2023-10-18 03:16:07	tungbach1990(GameMaster2) sync data from bishop
2023-10-18 03:16:08	tungbach1990(GameMaster2) login
2023-10-18 03:19:09	Add tungbach1990(GameMaster2)
2023-10-18 03:19:09	tungbach1990(GameMaster2) sync data from bishop
2023-10-18 03:19:09	tungbach1990(GameMaster2) login
2023-10-18 03:20:32	tungbach1990(GameMaster2) logout
2023-10-18 03:20:32	Del tungbach1990(GameMaster2): quit
2023-10-18 03:22:35	Add tungbach1990(GameMaster2)
2023-10-18 03:22:35	tungbach1990(GameMaster2) sync data from bishop
2023-10-18 03:22:35	tungbach1990(GameMaster2) login
2023-10-18 03:32:37	Add tungbach1990(GameMaster2)
2023-10-18 03:32:37	tungbach1990(GameMaster2) sync data from bishop
2023-10-18 03:32:37	tungbach1990(GameMaster2) login
2023-10-18 03:35:20	tungbach1990(GameMaster2) logout
2023-10-18 03:35:20	Del tungbach1990(GameMaster2): quit
2023-10-18 03:35:27	Add tungbach1990(GameMaster2)
2023-10-18 03:35:27	tungbach1990(GameMaster2) sync data from bishop
2023-10-18 03:35:27	tungbach1990(GameMaster2) login
2023-10-18 03:37:17	Add tungbach1990(GameMaster2)
2023-10-18 03:37:17	tungbach1990(GameMaster2) sync data from bishop
2023-10-18 03:37:17	tungbach1990(GameMaster2) login
2023-10-18 04:29:52	[ShutdownClient]	no response from client ID:0(Loop:58000, PingTime:56500), kill it...
2023-10-18 04:29:52	tungbach1990(GameMaster2) logout
2023-10-18 04:29:52	Del tungbach1990(GameMaster2): quit
2023-10-18 10:04:48	[ShutdownClient]	shut down client(1) - ip(211.254.152.226 : 63583) because invalid protocol!
2023-10-18 15:03:13	[ShutdownClient]	shut down client(2) - ip(45.143.201.62 : 64860) because invalid protocol!
2023-10-18 15:37:18	[ShutdownClient]	shut down client(3) - ip(45.143.201.62 : 63941) because invalid protocol!
2023-10-18 16:13:48	[ShutdownClient]	shut down client(4) - ip(45.143.201.62 : 63943) because invalid protocol!
2023-10-18 17:59:15	[ShutdownClient]	shut down client(5) - ip(62.233.50.179 : 63117) because invalid protocol!
2023-10-18 18:12:13	[ShutdownClient]	shut down client(9) - ip(43.157.32.103 : 18944) because invalid protocol!
2023-10-18 19:12:18	[ShutdownClient]	shut down client(10) - ip(92.63.196.80 : 54980) because invalid protocol!
