2023-10-19 00:32:48	Add tungbach1990(GameMaster2)
2023-10-19 00:32:48	tungbach1990(GameMaster2) sync data from bishop
2023-10-19 00:32:48	tungbach1990(GameMaster2) login
2023-10-19 00:33:04	[ShutdownClient]	Close connection[1] for request.
2023-10-19 00:33:04	tungbach1990(GameMaster2) logout
2023-10-19 00:33:04	Del tungbach1990(GameMaster2): quit
2023-10-19 00:33:15	Add tungbach1990(GameMaster3)
2023-10-19 00:33:15	tungbach1990(GameMaster3) sync data from bishop
2023-10-19 00:33:15	tungbach1990(GameMaster3) login
2023-10-19 00:33:25	[ShutdownClient]	Kick Out, ReasonId (7) 2023-10-19 00:33:25	tungbach1990(GameMaster3) logout
2023-10-19 00:33:25	Del tungbach1990(GameMaster3): quit
2023-10-19 00:33:32	Add tungbach1990(GameMaster3)
2023-10-19 00:33:32	tungbach1990(GameMaster3) sync data from bishop
2023-10-19 00:33:32	tungbach1990(GameMaster3) login
2023-10-19 00:41:49	Add tungbach1990(GameMaster3)
2023-10-19 00:41:49	tungbach1990(GameMaster3) sync data from bishop
2023-10-19 00:41:50	tungbach1990(GameMaster3) login
2023-10-19 00:42:51	[ShutdownClient]	Close connection[1] for request.
2023-10-19 00:42:51	tungbach1990(GameMaster3) logout
2023-10-19 00:42:51	Del tungbach1990(GameMaster3): quit
2023-10-19 00:42:54	Add tungbach1990(GameMaster3)
2023-10-19 00:42:54	tungbach1990(GameMaster3) sync data from bishop
2023-10-19 00:42:54	tungbach1990(GameMaster3) login
2023-10-19 00:46:37	[ShutdownClient]	Close connection[1] for request.
2023-10-19 00:46:37	tungbach1990(GameMaster3) logout
2023-10-19 00:46:37	Del tungbach1990(GameMaster3): quit
2023-10-19 00:46:41	Add tungbach1990(GameMaster3)
2023-10-19 00:46:41	tungbach1990(GameMaster3) sync data from bishop
2023-10-19 00:46:41	tungbach1990(GameMaster3) login
2023-10-19 01:09:48	[ShutdownClient]	Close connection[1] for request.
2023-10-19 01:09:48	tungbach1990(GameMaster3) logout
2023-10-19 01:09:48	Del tungbach1990(GameMaster3): quit
2023-10-19 03:45:14	[ShutdownClient]	shut down client(13) - ip(8.219.133.84 : 50444) because invalid protocol!
2023-10-19 03:45:14	[ShutdownClient]	shut down client(14) - ip(8.219.133.84 : 50460) because invalid protocol!
2023-10-19 12:07:53	[ShutdownClient]	shut down client(26) - ip(47.100.180.101 : 58413) because invalid protocol!
2023-10-19 12:07:56	[ShutdownClient]	shut down client(27) - ip(47.100.180.101 : 60702) because invalid protocol!
2023-10-19 20:00:40	[ShutdownClient]	shut down client(30) - ip(103.125.189.176 : 62470) because invalid protocol!
2023-10-19 23:12:28	[ShutdownClient]	shut down client(32) - ip(103.133.109.198 : 54358) because invalid protocol!
