2023-10-15 00:43:41	Add mamen(C26ŸMaMen)
2023-10-15 00:43:41	mamen(C26ŸMaMen) sync data from bishop
2023-10-15 00:44:01	Del mamen(C26ŸMaMen): login timeout
2023-10-15 00:44:35	Add mamen(C26ŸMaMen)
2023-10-15 00:44:35	mamen(C26ŸMaMen) sync data from bishop
2023-10-15 00:44:55	Del mamen(C26ŸMaMen): login timeout
2023-10-15 00:44:56	Add mamen(C26ŸMaMen)
2023-10-15 00:44:56	mamen(C26ŸMaMen) sync data from bishop
2023-10-15 00:45:16	Del mamen(C26ŸMaMen): login timeout
2023-10-15 00:46:04	Add mamen(124124)
2023-10-15 00:46:04	mamen(124124) sync data from bishop
2023-10-15 00:46:24	Del mamen(124124): login timeout
2023-10-15 00:47:00	Add mamen(124124)
2023-10-15 00:47:00	mamen(124124) sync data from bishop
2023-10-15 00:47:20	Del mamen(124124): login timeout
2023-10-15 00:47:23	Add mamen(124124)
2023-10-15 00:47:23	mamen(124124) sync data from bishop
2023-10-15 00:47:43	Del mamen(124124): login timeout
2023-10-15 00:47:55	Add mamen(124124)
2023-10-15 00:47:55	mamen(124124) sync data from bishop
2023-10-15 00:48:15	Del mamen(124124): login timeout
2023-10-15 00:48:19	Add mamen(124124)
2023-10-15 00:48:19	mamen(124124) sync data from bishop
2023-10-15 00:48:39	Del mamen(124124): login timeout
2023-10-15 00:48:41	Add quangmd(QMDDepZai)
2023-10-15 00:48:41	quangmd(QMDDepZai) sync data from bishop
2023-10-15 00:49:01	Del quangmd(QMDDepZai): login timeout
2023-10-15 00:57:15	Add quangmd(QMDDepZai)
2023-10-15 00:57:15	quangmd(QMDDepZai) sync data from bishop
2023-10-15 00:57:35	Del quangmd(QMDDepZai): login timeout
2023-10-15 00:58:25	Add quangmd(QMDDepZai)
2023-10-15 00:58:25	quangmd(QMDDepZai) sync data from bishop
2023-10-15 01:00:27	Add quangmd(QMDDepZai)
2023-10-15 01:00:27	quangmd(QMDDepZai) sync data from bishop
2023-10-15 01:00:47	Del quangmd(QMDDepZai): login timeout
2023-10-15 01:00:51	Add quangmd(QMDDepZai)
2023-10-15 01:00:51	quangmd(QMDDepZai) sync data from bishop
2023-10-15 01:01:12	Del quangmd(QMDDepZai): login timeout
2023-10-15 01:05:14	Add quangmd(QMDDepZai)
2023-10-15 01:05:14	quangmd(QMDDepZai) sync data from bishop
2023-10-15 01:05:35	Del quangmd(QMDDepZai): login timeout
2023-10-15 01:11:49	Add quangmd(QMDDepZai)
2023-10-15 01:11:49	quangmd(QMDDepZai) sync data from bishop
2023-10-15 01:12:09	Del quangmd(QMDDepZai): login timeout
2023-10-15 01:12:33	Add quangmd(QMDDepZai)
2023-10-15 01:12:33	quangmd(QMDDepZai) sync data from bishop
2023-10-15 01:12:33	quangmd(QMDDepZai) login
2023-10-15 01:13:56	[ShutdownClient]	Kick Out, ReasonId (7) 2023-10-15 01:13:56	[ShutdownClient]	Kick Out, ReasonId (7) 2023-10-15 01:13:56	[ShutdownClient]	Kick Out, ReasonId (7) 2023-10-15 01:13:56	[ShutdownClient]	Kick Out, ReasonId (7) 2023-10-15 01:13:56	[ShutdownClient]	Kick Out, ReasonId (7) 2023-10-15 01:13:56	[ShutdownClient]	Kick Out, ReasonId (7) 2023-10-15 01:13:56	quangmd(QMDDepZai) logout
2023-10-15 01:13:56	Del quangmd(QMDDepZai): quit
2023-10-15 01:14:02	Add quangmd(QMDDepZai)
2023-10-15 01:14:02	quangmd(QMDDepZai) sync data from bishop
2023-10-15 01:14:02	quangmd(QMDDepZai) login
2023-10-15 01:14:29	quangmd(QMDDepZai) logout
2023-10-15 01:14:29	Del quangmd(QMDDepZai): quit
2023-10-15 12:58:35	Add mamen(C26ŸMaMen)
2023-10-15 12:58:35	mamen(C26ŸMaMen) sync data from bishop
2023-10-15 12:58:35	mamen(C26ŸMaMen) login
2023-10-15 12:58:38	[ShutdownClient]	Close connection[1] for request.
2023-10-15 12:58:38	mamen(C26ŸMaMen) logout
2023-10-15 12:58:38	Del mamen(C26ŸMaMen): quit
2023-10-15 12:59:03	Add mamen(C26ŸMaMen)
2023-10-15 12:59:03	mamen(C26ŸMaMen) sync data from bishop
2023-10-15 12:59:03	mamen(C26ŸMaMen) login
2023-10-15 12:59:43	[ShutdownClient]	Kick Out, ReasonId (7) 2023-10-15 12:59:43	[ShutdownClient]	Kick Out, ReasonId (7) 2023-10-15 12:59:43	[ShutdownClient]	Kick Out, ReasonId (7) 2023-10-15 12:59:44	[ShutdownClient]	Kick Out, ReasonId (7) 2023-10-15 12:59:44	[ShutdownClient]	Kick Out, ReasonId (7) 2023-10-15 12:59:44	[ShutdownClient]	Kick Out, ReasonId (7) 2023-10-15 12:59:44	mamen(C26ŸMaMen) logout
2023-10-15 12:59:44	Del mamen(C26ŸMaMen): quit
2023-10-15 12:59:49	Add mamen(C26ŸMaMen)
2023-10-15 12:59:49	mamen(C26ŸMaMen) sync data from bishop
2023-10-15 12:59:49	mamen(C26ŸMaMen) login
2023-10-15 14:35:58	mamen(C26ŸMaMen) logout
2023-10-15 14:35:58	Del mamen(C26ŸMaMen): quit
2023-10-15 15:00:01	Add mamen(C26ŸMaMen)
2023-10-15 15:00:01	mamen(C26ŸMaMen) sync data from bishop
2023-10-15 15:00:01	mamen(C26ŸMaMen) login
2023-10-15 15:01:19	[ShutdownClient]	Kick Out, ReasonId (7) 2023-10-15 15:01:19	mamen(C26ŸMaMen) logout
2023-10-15 15:01:19	Del mamen(C26ŸMaMen): quit
2023-10-15 15:01:25	Add mamen(C26ŸMaMen)
2023-10-15 15:01:25	mamen(C26ŸMaMen) sync data from bishop
2023-10-15 15:01:25	mamen(C26ŸMaMen) login
2023-10-15 15:18:24	[ShutdownClient]	Kick Out, ReasonId (7) 2023-10-15 15:18:24	mamen(C26ŸMaMen) logout
2023-10-15 15:18:24	Del mamen(C26ŸMaMen): quit
2023-10-15 15:18:30	Add mamen(C26ŸMaMen)
2023-10-15 15:18:30	mamen(C26ŸMaMen) sync data from bishop
2023-10-15 15:18:30	mamen(C26ŸMaMen) login
2023-10-15 15:19:35	mamen(C26ŸMaMen) logout
2023-10-15 15:19:35	Del mamen(C26ŸMaMen): quit
2023-10-15 15:57:07	[ShutdownClient]	shut down client(12) - ip(103.133.109.198 : 53048) because invalid protocol!
2023-10-15 18:25:09	Add mamen(C26ŸMaMen)
2023-10-15 18:25:09	mamen(C26ŸMaMen) sync data from bishop
2023-10-15 18:25:09	mamen(C26ŸMaMen) login
2023-10-15 18:26:24	[ShutdownClient]	Kick Out, ReasonId (2) 2023-10-15 18:26:24	mamen(C26ŸMaMen) logout
2023-10-15 18:26:24	Del mamen(C26ŸMaMen): quit
2023-10-15 18:26:28	Add mamen(ùÖMañMenÖù)
2023-10-15 18:26:28	mamen(ùÖMañMenÖù) sync data from bishop
2023-10-15 18:26:28	mamen(ùÖMañMenÖù) login
2023-10-15 21:20:10	Add quangmd(NMVipPro)
2023-10-15 21:20:10	quangmd(NMVipPro) sync data from bishop
2023-10-15 21:20:10	quangmd(NMVipPro) login
2023-10-15 21:20:59	[ShutdownClient]	Kick Out, ReasonId (7) 2023-10-15 21:21:00	[ShutdownClient]	Kick Out, ReasonId (7) 2023-10-15 21:21:00	[ShutdownClient]	Kick Out, ReasonId (7) 2023-10-15 21:21:00	[ShutdownClient]	Kick Out, ReasonId (7) 2023-10-15 21:21:00	[ShutdownClient]	Kick Out, ReasonId (7) 2023-10-15 21:21:00	[ShutdownClient]	Kick Out, ReasonId (7) 2023-10-15 21:21:00	quangmd(NMVipPro) logout
2023-10-15 21:21:00	Del quangmd(NMVipPro): quit
2023-10-15 21:21:05	Add quangmd(NMVipPro)
2023-10-15 21:21:05	quangmd(NMVipPro) sync data from bishop
2023-10-15 21:21:05	quangmd(NMVipPro) login
2023-10-15 21:21:40	quangmd(NMVipPro) logout
2023-10-15 21:21:40	Del quangmd(NMVipPro): quit
2023-10-15 21:24:39	mamen(ùÖMañMenÖù) logout
2023-10-15 21:24:39	Del mamen(ùÖMañMenÖù): quit
2023-10-15 21:25:35	Add mamen(ùÖMañMenÖù)
2023-10-15 21:25:35	mamen(ùÖMañMenÖù) sync data from bishop
2023-10-15 21:25:35	mamen(ùÖMañMenÖù) login
2023-10-15 21:30:34	mamen(ùÖMañMenÖù) logout
2023-10-15 21:30:34	Del mamen(ùÖMañMenÖù): quit
2023-10-15 21:30:42	Add mamen(124124)
2023-10-15 21:30:42	mamen(124124) sync data from bishop
2023-10-15 21:30:42	mamen(124124) login
2023-10-15 21:31:03	[ShutdownClient]	Kick Out, ReasonId (7) 2023-10-15 21:31:03	mamen(124124) logout
2023-10-15 21:31:03	Del mamen(124124): quit
2023-10-15 21:31:10	Add mamen(124124)
2023-10-15 21:31:10	mamen(124124) sync data from bishop
2023-10-15 21:31:10	mamen(124124) login
2023-10-15 21:32:32	mamen(124124) logout
2023-10-15 21:32:32	Del mamen(124124): quit
2023-10-15 21:32:38	Add mamen(ùÖMañMenÖù)
2023-10-15 21:32:38	mamen(ùÖMañMenÖù) sync data from bishop
2023-10-15 21:32:38	mamen(ùÖMañMenÖù) login
2023-10-15 21:33:06	mamen(ùÖMañMenÖù) logout
2023-10-15 21:33:06	Del mamen(ùÖMañMenÖù): quit
2023-10-15 21:44:01	Add quangmd(NMVipPro)
2023-10-15 21:44:01	quangmd(NMVipPro) sync data from bishop
2023-10-15 21:44:01	quangmd(NMVipPro) login
2023-10-15 21:45:37	Add mamen(ùÖMañMenÖù)
2023-10-15 21:45:37	mamen(ùÖMañMenÖù) sync data from bishop
2023-10-15 21:45:37	mamen(ùÖMañMenÖù) login
2023-10-15 21:46:03	[ShutdownClient]	Close connection[2] for request.
2023-10-15 21:46:03	mamen(ùÖMañMenÖù) logout
2023-10-15 21:46:03	Del mamen(ùÖMañMenÖù): quit
2023-10-15 21:46:43	Add mamen(ùÖMañMenÖù)
2023-10-15 21:46:43	mamen(ùÖMañMenÖù) sync data from bishop
2023-10-15 21:46:43	mamen(ùÖMañMenÖù) login
2023-10-15 22:22:11	mamen(ùÖMañMenÖù) logout
2023-10-15 22:22:11	Del mamen(ùÖMañMenÖù): quit
2023-10-15 22:22:24	Add mamen(TomDaiCa)
2023-10-15 22:22:24	mamen(TomDaiCa) sync data from bishop
2023-10-15 22:22:24	mamen(TomDaiCa) login
2023-10-15 23:36:47	quangmd(NMVipPro) logout
2023-10-15 23:36:47	Del quangmd(NMVipPro): quit
