2023-10-16 00:15:17	mamen(TomDaiCa) disconnect: Status(3), ExchangingStatus(0)
2023-10-16 03:57:22	quangmd(NMVipPro) disconnect: Status(3), ExchangingStatus(0)
2023-10-16 04:04:25	quangmd(NMVipPro) disconnect: Status(3), ExchangingStatus(0)
2023-10-16 04:25:42	quangmd(NMVipPro) disconnect: Status(3), ExchangingStatus(0)
2023-10-16 04:26:38	mamen(…Ma–Men…) disconnect: Status(3), ExchangingStatus(0)
2023-10-16 04:58:35	mamen(…Ma–Men…) disconnect: Status(3), ExchangingStatus(0)
2023-10-16 04:59:03	quangmd(QMDDepZai) disconnect: Status(3), ExchangingStatus(0)
2023-10-16 05:25:26	mamen(…Ma–Men…) disconnect: Status(3), ExchangingStatus(0)
2023-10-16 05:25:54	quangmd(QMDDepZai) disconnect: Status(3), ExchangingStatus(0)
2023-10-16 05:26:15	quangmd(QMDDepZai) disconnect: Status(3), ExchangingStatus(0)
2023-10-16 05:27:03	quangmd(QMDDepZai) disconnect: Status(3), ExchangingStatus(0)
2023-10-16 05:28:28	quangmd(QMDDepZai) disconnect: Status(3), ExchangingStatus(0)
2023-10-16 05:28:46	quangmd(QMDDepZai) disconnect: Status(3), ExchangingStatus(0)
2023-10-16 05:29:01	quangmd(QMDDepZai) disconnect: Status(3), ExchangingStatus(0)
2023-10-16 05:29:34	quangmd(QMDDepZai) disconnect: Status(3), ExchangingStatus(0)
2023-10-16 05:31:18	mamen(…Ma–Men…) disconnect: Status(3), ExchangingStatus(0)
2023-10-16 05:31:28	quangmd(QMDDepZai) disconnect: Status(3), ExchangingStatus(0)
2023-10-16 05:31:41	mamen(…Ma–Men…) disconnect: Status(3), ExchangingStatus(0)
2023-10-16 05:34:03	mamen(…Ma–Men…) disconnect: Status(3), ExchangingStatus(0)
2023-10-16 05:34:37	mamen(…Ma–Men…) disconnect: Status(3), ExchangingStatus(0)
2023-10-16 05:37:24	mamen(…Ma–Men…) disconnect: Status(3), ExchangingStatus(0)
2023-10-16 05:37:51	mamen(…Ma–Men…) disconnect: Status(3), ExchangingStatus(0)
2023-10-16 05:39:54	quangmd(QMDDepZai) disconnect: Status(3), ExchangingStatus(0)
2023-10-16 05:40:36	quangmd(QMDDepZai) disconnect: Status(3), ExchangingStatus(0)
2023-10-16 05:41:48	quangmd(QMDDepZai) disconnect: Status(3), ExchangingStatus(0)
2023-10-16 05:42:10	quangmd(QMDDepZai) disconnect: Status(3), ExchangingStatus(0)
2023-10-16 05:42:31	quangmd(QMDDepZai) disconnect: Status(3), ExchangingStatus(0)
2023-10-16 05:42:57	quangmd(QMDDepZai) disconnect: Status(3), ExchangingStatus(0)
2023-10-16 05:43:32	quangmd(QMDDepZai) disconnect: Status(3), ExchangingStatus(0)
2023-10-16 05:43:46	quangmd(QMDDepZai) disconnect: Status(3), ExchangingStatus(0)
2023-10-16 05:45:22	mamen(…Ma–Men…) disconnect: Status(3), ExchangingStatus(0)
2023-10-16 05:46:30	quangmd(QMDDepZai) disconnect: Status(3), ExchangingStatus(0)
2023-10-16 05:49:43	quangmd(QMDDepZai) disconnect: Status(3), ExchangingStatus(0)
2023-10-16 05:50:33	quangmd(QMDDepZai) disconnect: Status(3), ExchangingStatus(0)
2023-10-16 05:52:04	quangmd(QMDDepZai) disconnect: Status(3), ExchangingStatus(0)
2023-10-16 05:53:18	quangmd(QMDDepZai) disconnect: Status(3), ExchangingStatus(0)
2023-10-16 05:53:31	quangmd(QMDDepZai) disconnect: Status(3), ExchangingStatus(0)
2023-10-16 05:54:02	quangmd(QMDDepZai) disconnect: Status(3), ExchangingStatus(0)
2023-10-16 05:56:11	quangmd(QMDDepZai) disconnect: Status(3), ExchangingStatus(0)
2023-10-16 05:56:41	quangmd(QMDDepZai) disconnect: Status(3), ExchangingStatus(0)
2023-10-16 05:57:00	quangmd(QMDDepZai) disconnect: Status(3), ExchangingStatus(0)
2023-10-16 05:57:50	quangmd(QMDDepZai) disconnect: Status(3), ExchangingStatus(0)
2023-10-16 05:58:04	quangmd(QMDDepZai) disconnect: Status(3), ExchangingStatus(0)
2023-10-16 06:37:41	quangmd(QMDDepZai) disconnect: Status(3), ExchangingStatus(0)
2023-10-16 20:46:50	quangmd(QMDDepZai) disconnect: Status(3), ExchangingStatus(0)
2023-10-16 20:47:03	quangmd(QMDDepZai) disconnect: Status(3), ExchangingStatus(0)
2023-10-16 20:47:14	quangmd(QMDDepZai) disconnect: Status(3), ExchangingStatus(0)
2023-10-16 20:47:20	quangmd(QMDDepZai) disconnect: Status(3), ExchangingStatus(0)
2023-10-16 20:47:39	quangmd(QMDDepZai) disconnect: Status(3), ExchangingStatus(0)
2023-10-16 20:47:44	quangmd(QMDDepZai) disconnect: Status(3), ExchangingStatus(0)
2023-10-16 20:47:55	quangmd(QMDDepZai) disconnect: Status(3), ExchangingStatus(0)
2023-10-16 20:48:06	quangmd(QMDDepZai) disconnect: Status(3), ExchangingStatus(0)
2023-10-16 20:50:14	quangmd(QMDDepZai) disconnect: Status(3), ExchangingStatus(0)
2023-10-16 20:51:45	mamen(…Ma–Men…) disconnect: Status(3), ExchangingStatus(0)
2023-10-16 20:52:20	quangmd(QMDDepZai) disconnect: Status(3), ExchangingStatus(0)
2023-10-16 20:52:34	mamen(…Ma–Men…) disconnect: Status(3), ExchangingStatus(0)
2023-10-16 20:55:51	mamen(…Ma–Men…) disconnect: Status(3), ExchangingStatus(0)
2023-10-16 20:56:14	mamen(…Ma–Men…) disconnect: Status(3), ExchangingStatus(0)
2023-10-16 20:57:48	mamen(…Ma–Men…) disconnect: Status(3), ExchangingStatus(0)
2023-10-16 20:58:11	mamen(…Ma–Men…) disconnect: Status(3), ExchangingStatus(0)
2023-10-16 20:58:34	mamen(…Ma–Men…) disconnect: Status(3), ExchangingStatus(0)
2023-10-16 20:58:53	mamen(…Ma–Men…) disconnect: Status(3), ExchangingStatus(0)
2023-10-16 21:02:41	mamen(…Ma–Men…) disconnect: Status(3), ExchangingStatus(0)
2023-10-16 21:02:49	mamen(…Ma–Men…) disconnect: Status(3), ExchangingStatus(0)
2023-10-16 21:12:39	mamen(…Ma–Men…) disconnect: Status(3), ExchangingStatus(0)
2023-10-16 21:14:20	mamen(…Ma–Men…) disconnect: Status(3), ExchangingStatus(0)
2023-10-16 21:14:42	mamen(…Ma–Men…) disconnect: Status(3), ExchangingStatus(0)
2023-10-16 21:14:52	mamen(…Ma–Men…) disconnect: Status(3), ExchangingStatus(0)
2023-10-16 21:15:40	mamen(…Ma–Men…) disconnect: Status(3), ExchangingStatus(0)
2023-10-16 21:16:04	mamen(…Ma–Men…) disconnect: Status(3), ExchangingStatus(0)
2023-10-16 21:16:37	mamen(…Ma–Men…) disconnect: Status(3), ExchangingStatus(0)
2023-10-16 21:22:49	mamen(…Ma–Men…) disconnect: Status(3), ExchangingStatus(0)
2023-10-16 21:23:56	mamen(…Ma–Men…) disconnect: Status(3), ExchangingStatus(0)
2023-10-16 21:26:08	mamen(…Ma–Men…) disconnect: Status(3), ExchangingStatus(0)
2023-10-16 21:27:20	mamen(…Ma–Men…) disconnect: Status(3), ExchangingStatus(0)
2023-10-16 21:27:34	mamen(…Ma–Men…) disconnect: Status(3), ExchangingStatus(0)
2023-10-16 21:28:02	mamen(…Ma–Men…) disconnect: Status(3), ExchangingStatus(0)
2023-10-16 21:28:36	mamen(…Ma–Men…) disconnect: Status(3), ExchangingStatus(0)
2023-10-16 21:31:08	mamen(…Ma–Men…) disconnect: Status(3), ExchangingStatus(0)
2023-10-16 21:32:48	mamen(…Ma–Men…) disconnect: Status(3), ExchangingStatus(0)
2023-10-16 21:33:10	mamen(…Ma–Men…) disconnect: Status(3), ExchangingStatus(0)
2023-10-16 21:36:41	mamen(…Ma–Men…) disconnect: Status(3), ExchangingStatus(0)
2023-10-16 21:37:03	mamen(…Ma–Men…) disconnect: Status(3), ExchangingStatus(0)
2023-10-16 21:37:43	mamen(…Ma–Men…) disconnect: Status(3), ExchangingStatus(0)
2023-10-16 21:55:19	mamen(…Ma–Men…) disconnect: Status(3), ExchangingStatus(0)
2023-10-16 22:01:46	tungbach1990(GameMaster) disconnect: Status(3), ExchangingStatus(0)
2023-10-16 22:03:14	mamen(TomDaiCa) disconnect: Status(3), ExchangingStatus(0)
2023-10-16 22:52:53	mamen(TomDaiCa) disconnect: Status(3), ExchangingStatus(0)
2023-10-16 22:53:38	mamen(…Ma–Men…) disconnect: Status(3), ExchangingStatus(0)
2023-10-16 22:53:53	mamen(…C26–Tom…) disconnect: Status(3), ExchangingStatus(0)
2023-10-16 23:10:45	tungbach1990(GameMaster) disconnect: Status(3), ExchangingStatus(0)
2023-10-16 23:10:58	tungbach1990(GameMaster) disconnect: Status(3), ExchangingStatus(0)
2023-10-16 23:14:26	mamen(…C26–Tom…) disconnect: Status(3), ExchangingStatus(0)
2023-10-16 23:42:50	tungbach1990(GameMaster2) disconnect: Status(3), ExchangingStatus(0)
