2023-10-14 23:30:18	Add mamen(C26ÙMaMen)
2023-10-14 23:30:18	mamen(C26ÙMaMen) sync data from bishop
2023-10-14 23:30:38	Del mamen(C26ÙMaMen): login timeout
2023-10-14 23:35:10	Add mamen(C26ÙMaMen)
2023-10-14 23:35:10	mamen(C26ÙMaMen) sync data from bishop
2023-10-14 23:35:30	Del mamen(C26ÙMaMen): login timeout
2023-10-14 23:43:56	Add mamen(C26ÙMaMen)
2023-10-14 23:43:56	mamen(C26ÙMaMen) sync data from bishop
2023-10-14 23:44:16	Del mamen(C26ÙMaMen): login timeout
2023-10-14 23:44:40	Add quangmd(QMDDepZai)
2023-10-14 23:44:40	quangmd(QMDDepZai) sync data from bishop
2023-10-14 23:45:00	Del quangmd(QMDDepZai): login timeout
2023-10-14 23:45:08	Add mamen(C26ÙMaMen)
2023-10-14 23:45:08	mamen(C26ÙMaMen) sync data from bishop
2023-10-14 23:45:28	Del mamen(C26ÙMaMen): login timeout
2023-10-14 23:52:01	Add mamen(C26ÙMaMen)
2023-10-14 23:52:01	mamen(C26ÙMaMen) sync data from bishop
2023-10-14 23:52:21	Del mamen(C26ÙMaMen): login timeout
2023-10-14 23:56:07	Add mamen(C26ÙMaMen)
2023-10-14 23:56:07	mamen(C26ÙMaMen) sync data from bishop
2023-10-14 23:56:27	Del mamen(C26ÙMaMen): login timeout
2023-10-14 23:56:30	Add mamen(C26ÙMaMen)
2023-10-14 23:56:30	mamen(C26ÙMaMen) sync data from bishop
2023-10-14 23:56:50	Del mamen(C26ÙMaMen): login timeout
2023-10-14 23:56:56	Add mamen(C26ÙMaMen)
2023-10-14 23:56:56	mamen(C26ÙMaMen) sync data from bishop
2023-10-14 23:57:16	Del mamen(C26ÙMaMen): login timeout
2023-10-14 23:58:25	Add mamen(C26ÙMaMen)
2023-10-14 23:58:25	mamen(C26ÙMaMen) sync data from bishop
2023-10-14 23:58:45	Del mamen(C26ÙMaMen): login timeout
