[2023-10-15 13:08:20	] mamen(C26ŸMaMen) BUY 1 [6-1-2219-1]Cµn kh´n song tuy÷t BÈi(6,1,2219,0,1) 200(COIN) at Shop[139]
[2023-10-15 13:14:13	] mamen(C26ŸMaMen) BUY 1 [6-1-2218-1]HÂng ∂nh B∂o R≠¨ng(6,1,2218,0,1) 10(COIN) at Shop[139]
[2023-10-15 13:15:35	] mamen(C26ŸMaMen) SEL 1 Ma S∏t Tµn D≠¨ng ∂nh Huy’t Gi∏p(0,2,16,0,10) 12499(MONEY) at Shop[39]
[2023-10-15 13:15:36	] mamen(C26ŸMaMen) SEL 1 Ma S∏t Qu˚ CËc U Minh Th≠¨ng(0,0,3,2,10) 12499(MONEY) at Shop[39]
[2023-10-15 13:15:37	] mamen(C26ŸMaMen) SEL 1 Ma S∏t Cˆ H·a Li™u Thi™n uy”n(0,8,1,3,10) 12499(MONEY) at Shop[39]
[2023-10-15 13:15:38	] mamen(C26ŸMaMen) SEL 1 Ma S∏t X›ch K˝ T·a Y™u Kh u(0,6,1,4,10) 12499(MONEY) at Shop[39]
[2023-10-15 13:15:39	] mamen(C26ŸMaMen) SEL 1 Ma S∏t V©n Long ThÊ Ch©u giÌi(0,3,0,1,10) 12499(MONEY) at Shop[39]
[2023-10-15 13:15:56	] mamen(C26ŸMaMen) BUY 1 [6-1-4048-1]MÀt Tﬁch Thi™n Cang Kh› K›nh(6,1,4048,0,1) 500(COIN) at Shop[140]
[2023-10-15 13:16:23	] mamen(C26ŸMaMen) BUY 1 [6-1-4046-1]MÀt Tﬁch Li÷t H·a Ph…n Thi™n(6,1,4046,0,1) 500(COIN) at Shop[140]
[2023-10-15 20:39:20	] mamen(ùÖMañMenÖù) BUY 1 [6-1-3085-1]L÷nh bµi Boss - MÈ Dung Toµn(6,1,3085,0,1) 1(COIN) at Shop[142]
[2023-10-15 20:39:22	] mamen(ùÖMañMenÖù) BUY 1 [6-1-3084-1]L÷nh bµi Boss - Kim Th› L≠Óng(6,1,3084,0,1) 1(COIN) at Shop[142]
[2023-10-15 20:39:24	] mamen(ùÖMañMenÖù) BUY 1 [6-1-3083-1]L÷nh bµi Boss - Tr≠¨ng Tuy™n(6,1,3083,0,1) 1(COIN) at Shop[142]
[2023-10-15 20:39:26	] mamen(ùÖMañMenÖù) BUY 1 [6-1-1022-1]Boss Tri÷u Ho∏n PhÔ (6,1,1022,0,1) 1(COIN) at Shop[142]
[2023-10-15 20:39:26	] mamen(ùÖMañMenÖù) BUY 1 [6-1-1022-1]Boss Tri÷u Ho∏n PhÔ (6,1,1022,0,1) 1(COIN) at Shop[142]
[2023-10-15 20:39:26	] mamen(ùÖMañMenÖù) BUY 1 [6-1-1022-1]Boss Tri÷u Ho∏n PhÔ (6,1,1022,0,1) 1(COIN) at Shop[142]
[2023-10-15 20:39:26	] mamen(ùÖMañMenÖù) BUY 1 [6-1-1022-1]Boss Tri÷u Ho∏n PhÔ (6,1,1022,0,1) 1(COIN) at Shop[142]
[2023-10-15 20:39:26	] mamen(ùÖMañMenÖù) BUY 1 [6-1-1022-1]Boss Tri÷u Ho∏n PhÔ (6,1,1022,0,1) 1(COIN) at Shop[142]
[2023-10-15 20:39:26	] mamen(ùÖMañMenÖù) BUY 1 [6-1-1022-1]Boss Tri÷u Ho∏n PhÔ (6,1,1022,0,1) 1(COIN) at Shop[142]
[2023-10-15 20:39:26	] mamen(ùÖMañMenÖù) BUY 1 [6-1-1022-1]Boss Tri÷u Ho∏n PhÔ (6,1,1022,0,1) 1(COIN) at Shop[142]
[2023-10-15 20:39:26	] mamen(ùÖMañMenÖù) BUY 1 [6-1-1022-1]Boss Tri÷u Ho∏n PhÔ (6,1,1022,0,1) 1(COIN) at Shop[142]
[2023-10-15 20:39:26	] mamen(ùÖMañMenÖù) BUY 1 [6-1-1022-1]Boss Tri÷u Ho∏n PhÔ (6,1,1022,0,1) 1(COIN) at Shop[142]
[2023-10-15 20:39:26	] mamen(ùÖMañMenÖù) BUY 1 [6-1-1022-1]Boss Tri÷u Ho∏n PhÔ (6,1,1022,0,1) 1(COIN) at Shop[142]
[2023-10-15 20:41:00	] mamen(ùÖMañMenÖù) SEL 1 Th«n M∑ - D≠¨ng Sa(0,10,26,5,10) 24999(MONEY) at Shop[38]
[2023-10-15 20:41:00	] mamen(ùÖMañMenÖù) SEL 1 Th«n M∑ - Kinh L´i(0,10,34,5,10) 24999(MONEY) at Shop[38]
[2023-10-15 20:41:01	] mamen(ùÖMañMenÖù) SEL 1 Kinh L´i(0,10,34,5,10) 24999(MONEY) at Shop[38]
[2023-10-15 20:41:01	] mamen(ùÖMañMenÖù) SEL 1 Th«n M∑ - Truy ßi÷n(0,10,28,5,10) 24999(MONEY) at Shop[38]
[2023-10-15 20:41:02	] mamen(ùÖMañMenÖù) SEL 1 Th«n M∑ - L≠u Tinh(0,10,29,5,10) 24999(MONEY) at Shop[38]
[2023-10-15 20:41:27	] mamen(ùÖMañMenÖù) SEL 1 Thi™n M÷nh Lﬁch ¢m Ngoa(0,5,0,1,10) 24999(MONEY) at Shop[39]
[2023-10-15 20:41:27	] mamen(ùÖMañMenÖù) SEL 1 Thi™n M÷nh Lﬁch ¢m Y™u ßÌi(0,6,1,4,10) 24999(MONEY) at Shop[39]
[2023-10-15 20:41:29	] mamen(ùÖMañMenÖù) SEL 1 Thi™n M÷nh Lﬁch ¢m HÈ Uy”n(0,8,1,3,10) 24999(MONEY) at Shop[39]
[2023-10-15 20:41:30	] mamen(ùÖMañMenÖù) SEL 1 Thi™n M÷nh Lﬁch ¢m Hπ GiÌi(0,3,0,4,10) 24999(MONEY) at Shop[39]
[2023-10-15 20:41:30	] mamen(ùÖMañMenÖù) SEL 1 Thi™n M÷nh Lﬁch ¢m Th≠Óng GiÌi(0,3,0,1,10) 24999(MONEY) at Shop[39]
[2023-10-15 20:41:30	] mamen(ùÖMañMenÖù) SEL 1 Thi™n M÷nh Lﬁch ¢m Kh´i(0,7,2,2,10) 24999(MONEY) at Shop[39]
[2023-10-15 20:41:31	] mamen(ùÖMañMenÖù) SEL 1 Thi™n M÷nh Lﬁch ¢m Hπng Khuy™n(0,4,1,0,10) 24999(MONEY) at Shop[39]
[2023-10-15 20:41:33	] mamen(ùÖMañMenÖù) SEL 1 Thi™n M÷nh Lﬁch ¢m Gi∏p Y(0,2,16,0,10) 24999(MONEY) at Shop[39]
[2023-10-15 20:41:33	] mamen(ùÖMañMenÖù) SEL 1 Thi™n M÷nh Lﬁch ¢m BÈi(0,9,1,3,10) 24999(MONEY) at Shop[39]
[2023-10-15 21:32:05	] mamen(124124) BUY 1 [6-1-2218-1]HÂng ∂nh B∂o R≠¨ng(6,1,2218,0,1) 10(COIN) at Shop[139]
[2023-10-15 21:51:03	] mamen(ùÖMañMenÖù) BUY 1 [6-1-2527-1]HÂi thi™n t∏i tπo l‘ bao(6,1,2527,0,1) 2(COIN) at Shop[139]
[2023-10-15 21:52:01	] mamen(ùÖMañMenÖù) BUY 1 [6-1-2527-1]HÂi thi™n t∏i tπo l‘ bao(6,1,2527,0,1) 2(COIN) at Shop[139]
[2023-10-15 21:52:19	] quangmd(NMVipPro) BUY 1 [6-1-2527-1]HÂi thi™n t∏i tπo l‘ bao(6,1,2527,0,1) 2(COIN) at Shop[139]
[2023-10-15 21:52:19	] quangmd(NMVipPro) BUY 1 [6-1-2527-1]HÂi thi™n t∏i tπo l‘ bao(6,1,2527,0,1) 2(COIN) at Shop[139]
[2023-10-15 21:52:19	] quangmd(NMVipPro) BUY 1 [6-1-2527-1]HÂi thi™n t∏i tπo l‘ bao(6,1,2527,0,1) 2(COIN) at Shop[139]
[2023-10-15 21:52:19	] quangmd(NMVipPro) BUY 1 [6-1-2527-1]HÂi thi™n t∏i tπo l‘ bao(6,1,2527,0,1) 2(COIN) at Shop[139]
[2023-10-15 21:52:19	] quangmd(NMVipPro) BUY 1 [6-1-2527-1]HÂi thi™n t∏i tπo l‘ bao(6,1,2527,0,1) 2(COIN) at Shop[139]
[2023-10-15 21:52:19	] quangmd(NMVipPro) BUY 1 [6-1-2527-1]HÂi thi™n t∏i tπo l‘ bao(6,1,2527,0,1) 2(COIN) at Shop[139]
[2023-10-15 21:52:19	] quangmd(NMVipPro) BUY 1 [6-1-2527-1]HÂi thi™n t∏i tπo l‘ bao(6,1,2527,0,1) 2(COIN) at Shop[139]
[2023-10-15 21:52:19	] quangmd(NMVipPro) BUY 1 [6-1-2527-1]HÂi thi™n t∏i tπo l‘ bao(6,1,2527,0,1) 2(COIN) at Shop[139]
[2023-10-15 21:52:19	] quangmd(NMVipPro) BUY 1 [6-1-2527-1]HÂi thi™n t∏i tπo l‘ bao(6,1,2527,0,1) 2(COIN) at Shop[139]
[2023-10-15 21:52:19	] quangmd(NMVipPro) BUY 1 [6-1-2527-1]HÂi thi™n t∏i tπo l‘ bao(6,1,2527,0,1) 2(COIN) at Shop[139]
[2023-10-15 21:52:20	] quangmd(NMVipPro) BUY 1 [6-1-2527-1]HÂi thi™n t∏i tπo l‘ bao(6,1,2527,0,1) 2(COIN) at Shop[139]
[2023-10-15 21:52:20	] quangmd(NMVipPro) BUY 1 [6-1-2527-1]HÂi thi™n t∏i tπo l‘ bao(6,1,2527,0,1) 2(COIN) at Shop[139]
[2023-10-15 21:52:20	] quangmd(NMVipPro) BUY 1 [6-1-2527-1]HÂi thi™n t∏i tπo l‘ bao(6,1,2527,0,1) 2(COIN) at Shop[139]
[2023-10-15 21:52:20	] quangmd(NMVipPro) BUY 1 [6-1-2527-1]HÂi thi™n t∏i tπo l‘ bao(6,1,2527,0,1) 2(COIN) at Shop[139]
[2023-10-15 21:52:20	] quangmd(NMVipPro) BUY 1 [6-1-2527-1]HÂi thi™n t∏i tπo l‘ bao(6,1,2527,0,1) 2(COIN) at Shop[139]
[2023-10-15 21:52:20	] quangmd(NMVipPro) BUY 1 [6-1-2527-1]HÂi thi™n t∏i tπo l‘ bao(6,1,2527,0,1) 2(COIN) at Shop[139]
[2023-10-15 21:52:20	] quangmd(NMVipPro) BUY 1 [6-1-2527-1]HÂi thi™n t∏i tπo l‘ bao(6,1,2527,0,1) 2(COIN) at Shop[139]
[2023-10-15 21:52:20	] quangmd(NMVipPro) BUY 1 [6-1-2527-1]HÂi thi™n t∏i tπo l‘ bao(6,1,2527,0,1) 2(COIN) at Shop[139]
[2023-10-15 21:52:20	] quangmd(NMVipPro) BUY 1 [6-1-2527-1]HÂi thi™n t∏i tπo l‘ bao(6,1,2527,0,1) 2(COIN) at Shop[139]
[2023-10-15 21:52:20	] quangmd(NMVipPro) BUY 1 [6-1-2527-1]HÂi thi™n t∏i tπo l‘ bao(6,1,2527,0,1) 2(COIN) at Shop[139]
[2023-10-15 21:52:20	] quangmd(NMVipPro) BUY 1 [6-1-2527-1]HÂi thi™n t∏i tπo l‘ bao(6,1,2527,0,1) 2(COIN) at Shop[139]
[2023-10-15 21:52:21	] quangmd(NMVipPro) BUY 1 [6-1-2527-1]HÂi thi™n t∏i tπo l‘ bao(6,1,2527,0,1) 2(COIN) at Shop[139]
[2023-10-15 21:52:21	] quangmd(NMVipPro) BUY 1 [6-1-2527-1]HÂi thi™n t∏i tπo l‘ bao(6,1,2527,0,1) 2(COIN) at Shop[139]
[2023-10-15 21:52:21	] quangmd(NMVipPro) BUY 1 [6-1-2527-1]HÂi thi™n t∏i tπo l‘ bao(6,1,2527,0,1) 2(COIN) at Shop[139]
[2023-10-15 21:52:21	] quangmd(NMVipPro) BUY 1 [6-1-2527-1]HÂi thi™n t∏i tπo l‘ bao(6,1,2527,0,1) 2(COIN) at Shop[139]
[2023-10-15 21:52:21	] quangmd(NMVipPro) BUY 1 [6-1-2527-1]HÂi thi™n t∏i tπo l‘ bao(6,1,2527,0,1) 2(COIN) at Shop[139]
[2023-10-15 21:52:21	] quangmd(NMVipPro) BUY 1 [6-1-2527-1]HÂi thi™n t∏i tπo l‘ bao(6,1,2527,0,1) 2(COIN) at Shop[139]
[2023-10-15 21:52:21	] quangmd(NMVipPro) BUY 1 [6-1-2527-1]HÂi thi™n t∏i tπo l‘ bao(6,1,2527,0,1) 2(COIN) at Shop[139]
[2023-10-15 21:52:21	] quangmd(NMVipPro) BUY 1 [6-1-2527-1]HÂi thi™n t∏i tπo l‘ bao(6,1,2527,0,1) 2(COIN) at Shop[139]
[2023-10-15 21:52:21	] quangmd(NMVipPro) BUY 1 [6-1-2527-1]HÂi thi™n t∏i tπo l‘ bao(6,1,2527,0,1) 2(COIN) at Shop[139]
[2023-10-15 21:52:21	] quangmd(NMVipPro) BUY 1 [6-1-2527-1]HÂi thi™n t∏i tπo l‘ bao(6,1,2527,0,1) 2(COIN) at Shop[139]
[2023-10-15 21:52:21	] quangmd(NMVipPro) BUY 1 [6-1-2527-1]HÂi thi™n t∏i tπo l‘ bao(6,1,2527,0,1) 2(COIN) at Shop[139]
[2023-10-15 21:52:21	] quangmd(NMVipPro) BUY 1 [6-1-2527-1]HÂi thi™n t∏i tπo l‘ bao(6,1,2527,0,1) 2(COIN) at Shop[139]
[2023-10-15 21:52:22	] quangmd(NMVipPro) BUY 1 [6-1-2527-1]HÂi thi™n t∏i tπo l‘ bao(6,1,2527,0,1) 2(COIN) at Shop[139]
[2023-10-15 21:52:22	] quangmd(NMVipPro) BUY 1 [6-1-2527-1]HÂi thi™n t∏i tπo l‘ bao(6,1,2527,0,1) 2(COIN) at Shop[139]
[2023-10-15 21:52:22	] quangmd(NMVipPro) BUY 1 [6-1-2527-1]HÂi thi™n t∏i tπo l‘ bao(6,1,2527,0,1) 2(COIN) at Shop[139]
[2023-10-15 21:52:22	] quangmd(NMVipPro) BUY 1 [6-1-2527-1]HÂi thi™n t∏i tπo l‘ bao(6,1,2527,0,1) 2(COIN) at Shop[139]
[2023-10-15 21:52:22	] quangmd(NMVipPro) BUY 1 [6-1-2527-1]HÂi thi™n t∏i tπo l‘ bao(6,1,2527,0,1) 2(COIN) at Shop[139]
[2023-10-15 21:52:22	] quangmd(NMVipPro) BUY 1 [6-1-2527-1]HÂi thi™n t∏i tπo l‘ bao(6,1,2527,0,1) 2(COIN) at Shop[139]
[2023-10-15 21:52:22	] quangmd(NMVipPro) BUY 1 [6-1-2527-1]HÂi thi™n t∏i tπo l‘ bao(6,1,2527,0,1) 2(COIN) at Shop[139]
[2023-10-15 21:52:22	] quangmd(NMVipPro) BUY 1 [6-1-2527-1]HÂi thi™n t∏i tπo l‘ bao(6,1,2527,0,1) 2(COIN) at Shop[139]
[2023-10-15 21:52:22	] quangmd(NMVipPro) BUY 1 [6-1-2527-1]HÂi thi™n t∏i tπo l‘ bao(6,1,2527,0,1) 2(COIN) at Shop[139]
[2023-10-15 21:52:22	] quangmd(NMVipPro) BUY 1 [6-1-2527-1]HÂi thi™n t∏i tπo l‘ bao(6,1,2527,0,1) 2(COIN) at Shop[139]
[2023-10-15 21:52:23	] quangmd(NMVipPro) BUY 1 [6-1-2527-1]HÂi thi™n t∏i tπo l‘ bao(6,1,2527,0,1) 2(COIN) at Shop[139]
[2023-10-15 21:52:23	] quangmd(NMVipPro) BUY 1 [6-1-2527-1]HÂi thi™n t∏i tπo l‘ bao(6,1,2527,0,1) 2(COIN) at Shop[139]
[2023-10-15 21:52:23	] quangmd(NMVipPro) BUY 1 [6-1-2527-1]HÂi thi™n t∏i tπo l‘ bao(6,1,2527,0,1) 2(COIN) at Shop[139]
[2023-10-15 21:52:23	] quangmd(NMVipPro) BUY 1 [6-1-2527-1]HÂi thi™n t∏i tπo l‘ bao(6,1,2527,0,1) 2(COIN) at Shop[139]
[2023-10-15 21:52:23	] quangmd(NMVipPro) BUY 1 [6-1-2527-1]HÂi thi™n t∏i tπo l‘ bao(6,1,2527,0,1) 2(COIN) at Shop[139]
[2023-10-15 21:52:23	] quangmd(NMVipPro) BUY 1 [6-1-2527-1]HÂi thi™n t∏i tπo l‘ bao(6,1,2527,0,1) 2(COIN) at Shop[139]
[2023-10-15 21:52:23	] quangmd(NMVipPro) BUY 1 [6-1-2527-1]HÂi thi™n t∏i tπo l‘ bao(6,1,2527,0,1) 2(COIN) at Shop[139]
[2023-10-15 21:55:48	] mamen(ùÖMañMenÖù) BUY 1 [6-1-1670-1]T›n vÀt m´n ph∏i(6,1,1670,0,1) 100(COIN) at Shop[139]
