2023-10-16 00:15:17	mamen(TomDaiCa) logout
2023-10-16 00:15:17	Del mamen(TomDaiCa): quit
2023-10-16 01:36:29	[ShutdownClient]	shut down client(27) - ip(62.233.50.55 : 63586) because invalid protocol!
2023-10-16 03:57:03	Add quangmd(NMVipPro)
2023-10-16 03:57:03	quangmd(NMVipPro) sync data from bishop
2023-10-16 03:57:03	quangmd(NMVipPro) login
2023-10-16 03:57:22	[ShutdownClient]	Close connection[2] for request.
2023-10-16 03:57:22	quangmd(NMVipPro) logout
2023-10-16 03:57:22	Del quangmd(NMVipPro): quit
2023-10-16 04:01:30	Add quangmd(NMVipPro)
2023-10-16 04:01:30	quangmd(NMVipPro) sync data from bishop
2023-10-16 04:01:30	quangmd(NMVipPro) login
2023-10-16 04:04:25	[ShutdownClient]	no response from client ID:29(Loop:1750529, PingTime:1749029), kill it...
2023-10-16 04:04:25	quangmd(NMVipPro) logout
2023-10-16 04:04:25	Del quangmd(NMVipPro): quit
2023-10-16 04:22:29	Add quangmd(NMVipPro)
2023-10-16 04:22:29	quangmd(NMVipPro) sync data from bishop
2023-10-16 04:22:29	quangmd(NMVipPro) login
2023-10-16 04:24:55	Add mamen(…Ma–Men…)
2023-10-16 04:24:55	mamen(…Ma–Men…) sync data from bishop
2023-10-16 04:24:55	mamen(…Ma–Men…) login
2023-10-16 04:25:42	[ShutdownClient]	no response from client ID:30(Loop:1773530, PingTime:1772030), kill it...
2023-10-16 04:25:43	quangmd(NMVipPro) logout
2023-10-16 04:25:43	Del quangmd(NMVipPro): quit
2023-10-16 04:26:38	[ShutdownClient]	no response from client ID:31(Loop:1774531, PingTime:1773031), kill it...
2023-10-16 04:26:38	mamen(…Ma–Men…) logout
2023-10-16 04:26:38	Del mamen(…Ma–Men…): quit
2023-10-16 04:28:29	Add mamen(…Ma–Men…)
2023-10-16 04:28:29	mamen(…Ma–Men…) sync data from bishop
2023-10-16 04:28:29	mamen(…Ma–Men…) login
2023-10-16 04:57:09	Add quangmd(QMDDepZai)
2023-10-16 04:57:09	quangmd(QMDDepZai) sync data from bishop
2023-10-16 04:57:09	quangmd(QMDDepZai) login
2023-10-16 04:58:35	[ShutdownClient]	no response from client ID:32(Loop:1809032, PingTime:1807532), kill it...
2023-10-16 04:58:35	mamen(…Ma–Men…) logout
2023-10-16 04:58:35	Del mamen(…Ma–Men…): quit
2023-10-16 04:59:03	[ShutdownClient]	no response from client ID:33(Loop:1809533, PingTime:1808033), kill it...
2023-10-16 04:59:03	quangmd(QMDDepZai) logout
2023-10-16 04:59:03	Del quangmd(QMDDepZai): quit
2023-10-16 05:23:33	Add mamen(…Ma–Men…)
2023-10-16 05:23:33	mamen(…Ma–Men…) sync data from bishop
2023-10-16 05:23:34	mamen(…Ma–Men…) login
2023-10-16 05:25:13	Add quangmd(QMDDepZai)
2023-10-16 05:25:13	quangmd(QMDDepZai) sync data from bishop
2023-10-16 05:25:13	quangmd(QMDDepZai) login
2023-10-16 05:25:26	[ShutdownClient]	no response from client ID:34(Loop:1838034, PingTime:1836534), kill it...
2023-10-16 05:25:26	mamen(…Ma–Men…) logout
2023-10-16 05:25:26	Del mamen(…Ma–Men…): quit
2023-10-16 05:25:54	[ShutdownClient]	Close connection[1] for request.
2023-10-16 05:25:54	quangmd(QMDDepZai) logout
2023-10-16 05:25:54	Del quangmd(QMDDepZai): quit
2023-10-16 05:26:02	Add quangmd(QMDDepZai)
2023-10-16 05:26:02	quangmd(QMDDepZai) sync data from bishop
2023-10-16 05:26:02	quangmd(QMDDepZai) login
2023-10-16 05:26:15	[ShutdownClient]	Close connection[1] for request.
2023-10-16 05:26:15	quangmd(QMDDepZai) logout
2023-10-16 05:26:15	Del quangmd(QMDDepZai): quit
2023-10-16 05:26:52	Add quangmd(QMDDepZai)
2023-10-16 05:26:52	quangmd(QMDDepZai) sync data from bishop
2023-10-16 05:26:52	quangmd(QMDDepZai) login
2023-10-16 05:27:03	[ShutdownClient]	Close connection[1] for request.
2023-10-16 05:27:04	quangmd(QMDDepZai) logout
2023-10-16 05:27:04	Del quangmd(QMDDepZai): quit
2023-10-16 05:28:05	Add quangmd(QMDDepZai)
2023-10-16 05:28:05	quangmd(QMDDepZai) sync data from bishop
2023-10-16 05:28:05	quangmd(QMDDepZai) login
2023-10-16 05:28:28	[ShutdownClient]	Close connection[1] for request.
2023-10-16 05:28:28	quangmd(QMDDepZai) logout
2023-10-16 05:28:28	Del quangmd(QMDDepZai): quit
2023-10-16 05:28:43	Add quangmd(QMDDepZai)
2023-10-16 05:28:43	quangmd(QMDDepZai) sync data from bishop
2023-10-16 05:28:43	quangmd(QMDDepZai) login
2023-10-16 05:28:46	[ShutdownClient]	Close connection[1] for request.
2023-10-16 05:28:46	quangmd(QMDDepZai) logout
2023-10-16 05:28:46	Del quangmd(QMDDepZai): quit
2023-10-16 05:28:58	Add quangmd(QMDDepZai)
2023-10-16 05:28:58	quangmd(QMDDepZai) sync data from bishop
2023-10-16 05:28:58	quangmd(QMDDepZai) login
2023-10-16 05:29:01	[ShutdownClient]	Close connection[1] for request.
2023-10-16 05:29:01	quangmd(QMDDepZai) logout
2023-10-16 05:29:01	Del quangmd(QMDDepZai): quit
2023-10-16 05:29:14	Add quangmd(QMDDepZai)
2023-10-16 05:29:14	quangmd(QMDDepZai) sync data from bishop
2023-10-16 05:29:14	quangmd(QMDDepZai) login
2023-10-16 05:29:34	[ShutdownClient]	Close connection[1] for request.
2023-10-16 05:29:34	quangmd(QMDDepZai) logout
2023-10-16 05:29:34	Del quangmd(QMDDepZai): quit
2023-10-16 05:29:47	Add quangmd(QMDDepZai)
2023-10-16 05:29:47	quangmd(QMDDepZai) sync data from bishop
2023-10-16 05:29:47	quangmd(QMDDepZai) login
2023-10-16 05:31:03	Add mamen(…Ma–Men…)
2023-10-16 05:31:03	mamen(…Ma–Men…) sync data from bishop
2023-10-16 05:31:03	mamen(…Ma–Men…) login
2023-10-16 05:31:18	[ShutdownClient]	Close connection[2] for request.
2023-10-16 05:31:18	mamen(…Ma–Men…) logout
2023-10-16 05:31:18	Del mamen(…Ma–Men…): quit
2023-10-16 05:31:28	[ShutdownClient]	no response from client ID:42(Loop:1844542, PingTime:1843042), kill it...
2023-10-16 05:31:28	quangmd(QMDDepZai) logout
2023-10-16 05:31:28	Del quangmd(QMDDepZai): quit
2023-10-16 05:31:31	Add mamen(…Ma–Men…)
2023-10-16 05:31:31	mamen(…Ma–Men…) sync data from bishop
2023-10-16 05:31:31	mamen(…Ma–Men…) login
2023-10-16 05:31:41	[ShutdownClient]	Close connection[1] for request.
2023-10-16 05:31:41	mamen(…Ma–Men…) logout
2023-10-16 05:31:41	Del mamen(…Ma–Men…): quit
2023-10-16 05:33:57	Add mamen(…Ma–Men…)
2023-10-16 05:33:57	mamen(…Ma–Men…) sync data from bishop
2023-10-16 05:33:57	mamen(…Ma–Men…) login
2023-10-16 05:34:03	[ShutdownClient]	Close connection[1] for request.
2023-10-16 05:34:03	mamen(…Ma–Men…) logout
2023-10-16 05:34:03	Del mamen(…Ma–Men…): quit
2023-10-16 05:34:21	Add mamen(…Ma–Men…)
2023-10-16 05:34:21	mamen(…Ma–Men…) sync data from bishop
2023-10-16 05:34:21	mamen(…Ma–Men…) login
2023-10-16 05:34:37	[ShutdownClient]	Close connection[1] for request.
2023-10-16 05:34:37	mamen(…Ma–Men…) logout
2023-10-16 05:34:37	Del mamen(…Ma–Men…): quit
2023-10-16 05:35:40	Add mamen(…Ma–Men…)
2023-10-16 05:35:40	mamen(…Ma–Men…) sync data from bishop
2023-10-16 05:35:40	mamen(…Ma–Men…) login
2023-10-16 05:37:24	[ShutdownClient]	Close connection[1] for request.
2023-10-16 05:37:24	mamen(…Ma–Men…) logout
2023-10-16 05:37:24	Del mamen(…Ma–Men…): quit
2023-10-16 05:37:27	Add mamen(…Ma–Men…)
2023-10-16 05:37:27	mamen(…Ma–Men…) sync data from bishop
2023-10-16 05:37:27	mamen(…Ma–Men…) login
2023-10-16 05:37:51	[ShutdownClient]	Close connection[1] for request.
2023-10-16 05:37:51	mamen(…Ma–Men…) logout
2023-10-16 05:37:51	Del mamen(…Ma–Men…): quit
2023-10-16 05:37:54	Add mamen(…Ma–Men…)
2023-10-16 05:37:54	mamen(…Ma–Men…) sync data from bishop
2023-10-16 05:37:54	mamen(…Ma–Men…) login
2023-10-16 05:39:04	Add quangmd(QMDDepZai)
2023-10-16 05:39:04	quangmd(QMDDepZai) sync data from bishop
2023-10-16 05:39:04	quangmd(QMDDepZai) login
2023-10-16 05:39:54	[ShutdownClient]	Close connection[2] for request.
2023-10-16 05:39:54	quangmd(QMDDepZai) logout
2023-10-16 05:39:54	Del quangmd(QMDDepZai): quit
2023-10-16 05:39:59	Add quangmd(QMDDepZai)
2023-10-16 05:39:59	quangmd(QMDDepZai) sync data from bishop
2023-10-16 05:39:59	quangmd(QMDDepZai) login
2023-10-16 05:40:36	[ShutdownClient]	Close connection[2] for request.
2023-10-16 05:40:36	quangmd(QMDDepZai) logout
2023-10-16 05:40:36	Del quangmd(QMDDepZai): quit
2023-10-16 05:40:41	Add quangmd(QMDDepZai)
2023-10-16 05:40:41	quangmd(QMDDepZai) sync data from bishop
2023-10-16 05:40:41	quangmd(QMDDepZai) login
2023-10-16 05:41:48	[ShutdownClient]	Close connection[2] for request.
2023-10-16 05:41:48	quangmd(QMDDepZai) logout
2023-10-16 05:41:48	Del quangmd(QMDDepZai): quit
2023-10-16 05:41:52	Add quangmd(QMDDepZai)
2023-10-16 05:41:52	quangmd(QMDDepZai) sync data from bishop
2023-10-16 05:41:52	quangmd(QMDDepZai) login
2023-10-16 05:42:10	[ShutdownClient]	Close connection[2] for request.
2023-10-16 05:42:10	quangmd(QMDDepZai) logout
2023-10-16 05:42:10	Del quangmd(QMDDepZai): quit
2023-10-16 05:42:14	Add quangmd(QMDDepZai)
2023-10-16 05:42:14	quangmd(QMDDepZai) sync data from bishop
2023-10-16 05:42:14	quangmd(QMDDepZai) login
2023-10-16 05:42:31	[ShutdownClient]	Close connection[2] for request.
2023-10-16 05:42:31	quangmd(QMDDepZai) logout
2023-10-16 05:42:31	Del quangmd(QMDDepZai): quit
2023-10-16 05:42:34	Add quangmd(QMDDepZai)
2023-10-16 05:42:34	quangmd(QMDDepZai) sync data from bishop
2023-10-16 05:42:34	quangmd(QMDDepZai) login
2023-10-16 05:42:57	[ShutdownClient]	Close connection[2] for request.
2023-10-16 05:42:57	quangmd(QMDDepZai) logout
2023-10-16 05:42:57	Del quangmd(QMDDepZai): quit
2023-10-16 05:43:01	Add quangmd(QMDDepZai)
2023-10-16 05:43:01	quangmd(QMDDepZai) sync data from bishop
2023-10-16 05:43:01	quangmd(QMDDepZai) login
2023-10-16 05:43:32	[ShutdownClient]	Close connection[2] for request.
2023-10-16 05:43:32	quangmd(QMDDepZai) logout
2023-10-16 05:43:32	Del quangmd(QMDDepZai): quit
2023-10-16 05:43:36	Add quangmd(QMDDepZai)
2023-10-16 05:43:36	quangmd(QMDDepZai) sync data from bishop
2023-10-16 05:43:36	quangmd(QMDDepZai) login
2023-10-16 05:43:46	[ShutdownClient]	Close connection[2] for request.
2023-10-16 05:43:46	quangmd(QMDDepZai) logout
2023-10-16 05:43:46	Del quangmd(QMDDepZai): quit
2023-10-16 05:43:55	Add quangmd(QMDDepZai)
2023-10-16 05:43:55	quangmd(QMDDepZai) sync data from bishop
2023-10-16 05:43:55	quangmd(QMDDepZai) login
2023-10-16 05:45:22	[ShutdownClient]	Close connection[1] for request.
2023-10-16 05:45:22	mamen(…Ma–Men…) logout
2023-10-16 05:45:22	Del mamen(…Ma–Men…): quit
2023-10-16 05:46:30	[ShutdownClient]	Close connection[2] for request.
2023-10-16 05:46:30	quangmd(QMDDepZai) logout
2023-10-16 05:46:30	Del quangmd(QMDDepZai): quit
2023-10-16 05:46:35	Add quangmd(QMDDepZai)
2023-10-16 05:46:35	quangmd(QMDDepZai) sync data from bishop
2023-10-16 05:46:35	quangmd(QMDDepZai) login
2023-10-16 05:49:43	[ShutdownClient]	Close connection[2] for request.
2023-10-16 05:49:43	quangmd(QMDDepZai) logout
2023-10-16 05:49:43	Del quangmd(QMDDepZai): quit
2023-10-16 05:49:47	Add quangmd(QMDDepZai)
2023-10-16 05:49:47	quangmd(QMDDepZai) sync data from bishop
2023-10-16 05:49:47	quangmd(QMDDepZai) login
2023-10-16 05:50:33	[ShutdownClient]	Close connection[2] for request.
2023-10-16 05:50:33	quangmd(QMDDepZai) logout
2023-10-16 05:50:33	Del quangmd(QMDDepZai): quit
2023-10-16 05:50:37	Add quangmd(QMDDepZai)
2023-10-16 05:50:37	quangmd(QMDDepZai) sync data from bishop
2023-10-16 05:50:37	quangmd(QMDDepZai) login
2023-10-16 05:52:04	[ShutdownClient]	Close connection[2] for request.
2023-10-16 05:52:05	quangmd(QMDDepZai) logout
2023-10-16 05:52:05	Del quangmd(QMDDepZai): quit
2023-10-16 05:52:10	Add quangmd(QMDDepZai)
2023-10-16 05:52:10	quangmd(QMDDepZai) sync data from bishop
2023-10-16 05:52:10	quangmd(QMDDepZai) login
2023-10-16 05:53:18	[ShutdownClient]	Close connection[2] for request.
2023-10-16 05:53:18	quangmd(QMDDepZai) logout
2023-10-16 05:53:18	Del quangmd(QMDDepZai): quit
2023-10-16 05:53:22	Add quangmd(QMDDepZai)
2023-10-16 05:53:22	quangmd(QMDDepZai) sync data from bishop
2023-10-16 05:53:22	quangmd(QMDDepZai) login
2023-10-16 05:53:31	[ShutdownClient]	Close connection[2] for request.
2023-10-16 05:53:31	quangmd(QMDDepZai) logout
2023-10-16 05:53:31	Del quangmd(QMDDepZai): quit
2023-10-16 05:53:35	Add quangmd(QMDDepZai)
2023-10-16 05:53:35	quangmd(QMDDepZai) sync data from bishop
2023-10-16 05:53:35	quangmd(QMDDepZai) login
2023-10-16 05:54:02	[ShutdownClient]	Close connection[2] for request.
2023-10-16 05:54:02	quangmd(QMDDepZai) logout
2023-10-16 05:54:02	Del quangmd(QMDDepZai): quit
2023-10-16 05:54:06	Add quangmd(QMDDepZai)
2023-10-16 05:54:06	quangmd(QMDDepZai) sync data from bishop
2023-10-16 05:54:06	quangmd(QMDDepZai) login
2023-10-16 05:56:11	[ShutdownClient]	Close connection[2] for request.
2023-10-16 05:56:11	quangmd(QMDDepZai) logout
2023-10-16 05:56:11	Del quangmd(QMDDepZai): quit
2023-10-16 05:56:15	Add quangmd(QMDDepZai)
2023-10-16 05:56:15	quangmd(QMDDepZai) sync data from bishop
2023-10-16 05:56:15	quangmd(QMDDepZai) login
2023-10-16 05:56:41	[ShutdownClient]	Close connection[2] for request.
2023-10-16 05:56:41	quangmd(QMDDepZai) logout
2023-10-16 05:56:41	Del quangmd(QMDDepZai): quit
2023-10-16 05:56:44	Add quangmd(QMDDepZai)
2023-10-16 05:56:44	quangmd(QMDDepZai) sync data from bishop
2023-10-16 05:56:44	quangmd(QMDDepZai) login
2023-10-16 05:57:00	[ShutdownClient]	Close connection[2] for request.
2023-10-16 05:57:00	quangmd(QMDDepZai) logout
2023-10-16 05:57:00	Del quangmd(QMDDepZai): quit
2023-10-16 05:57:17	Add quangmd(QMDDepZai)
2023-10-16 05:57:17	quangmd(QMDDepZai) sync data from bishop
2023-10-16 05:57:17	quangmd(QMDDepZai) login
2023-10-16 05:57:50	[ShutdownClient]	Close connection[2] for request.
2023-10-16 05:57:50	quangmd(QMDDepZai) logout
2023-10-16 05:57:50	Del quangmd(QMDDepZai): quit
2023-10-16 05:57:54	Add quangmd(QMDDepZai)
2023-10-16 05:57:54	quangmd(QMDDepZai) sync data from bishop
2023-10-16 05:57:54	quangmd(QMDDepZai) login
2023-10-16 05:58:04	[ShutdownClient]	Close connection[2] for request.
2023-10-16 05:58:04	quangmd(QMDDepZai) logout
2023-10-16 05:58:04	Del quangmd(QMDDepZai): quit
2023-10-16 05:58:09	Add quangmd(QMDDepZai)
2023-10-16 05:58:09	quangmd(QMDDepZai) sync data from bishop
2023-10-16 05:58:09	quangmd(QMDDepZai) login
2023-10-16 06:37:41	[ShutdownClient]	no response from client ID:70(Loop:1916070, PingTime:1914570), kill it...
2023-10-16 06:37:41	quangmd(QMDDepZai) logout
2023-10-16 06:37:41	Del quangmd(QMDDepZai): quit
2023-10-16 20:45:12	Add quangmd(QMDDepZai)
2023-10-16 20:45:12	quangmd(QMDDepZai) sync data from bishop
2023-10-16 20:45:12	quangmd(QMDDepZai) login
2023-10-16 20:46:50	[ShutdownClient]	Close connection[2] for request.
2023-10-16 20:46:50	quangmd(QMDDepZai) logout
2023-10-16 20:46:50	Del quangmd(QMDDepZai): quit
2023-10-16 20:46:54	Add quangmd(QMDDepZai)
2023-10-16 20:46:54	quangmd(QMDDepZai) sync data from bishop
2023-10-16 20:46:54	quangmd(QMDDepZai) login
2023-10-16 20:47:03	[ShutdownClient]	Close connection[2] for request.
2023-10-16 20:47:03	quangmd(QMDDepZai) logout
2023-10-16 20:47:03	Del quangmd(QMDDepZai): quit
2023-10-16 20:47:07	Add quangmd(QMDDepZai)
2023-10-16 20:47:07	quangmd(QMDDepZai) sync data from bishop
2023-10-16 20:47:07	quangmd(QMDDepZai) login
2023-10-16 20:47:14	[ShutdownClient]	Close connection[2] for request.
2023-10-16 20:47:14	quangmd(QMDDepZai) logout
2023-10-16 20:47:14	Del quangmd(QMDDepZai): quit
2023-10-16 20:47:18	Add quangmd(QMDDepZai)
2023-10-16 20:47:18	quangmd(QMDDepZai) sync data from bishop
2023-10-16 20:47:18	quangmd(QMDDepZai) login
2023-10-16 20:47:20	[ShutdownClient]	Close connection[2] for request.
2023-10-16 20:47:20	quangmd(QMDDepZai) logout
2023-10-16 20:47:20	Del quangmd(QMDDepZai): quit
2023-10-16 20:47:33	Add quangmd(QMDDepZai)
2023-10-16 20:47:33	quangmd(QMDDepZai) sync data from bishop
2023-10-16 20:47:33	quangmd(QMDDepZai) login
2023-10-16 20:47:39	[ShutdownClient]	Close connection[2] for request.
2023-10-16 20:47:39	quangmd(QMDDepZai) logout
2023-10-16 20:47:39	Del quangmd(QMDDepZai): quit
2023-10-16 20:47:42	Add quangmd(QMDDepZai)
2023-10-16 20:47:42	quangmd(QMDDepZai) sync data from bishop
2023-10-16 20:47:42	quangmd(QMDDepZai) login
2023-10-16 20:47:44	[ShutdownClient]	Close connection[2] for request.
2023-10-16 20:47:44	quangmd(QMDDepZai) logout
2023-10-16 20:47:44	Del quangmd(QMDDepZai): quit
2023-10-16 20:47:53	Add quangmd(QMDDepZai)
2023-10-16 20:47:53	quangmd(QMDDepZai) sync data from bishop
2023-10-16 20:47:53	quangmd(QMDDepZai) login
2023-10-16 20:47:55	[ShutdownClient]	Close connection[2] for request.
2023-10-16 20:47:55	quangmd(QMDDepZai) logout
2023-10-16 20:47:55	Del quangmd(QMDDepZai): quit
2023-10-16 20:48:02	Add quangmd(QMDDepZai)
2023-10-16 20:48:02	quangmd(QMDDepZai) sync data from bishop
2023-10-16 20:48:02	quangmd(QMDDepZai) login
2023-10-16 20:48:06	[ShutdownClient]	Close connection[2] for request.
2023-10-16 20:48:06	quangmd(QMDDepZai) logout
2023-10-16 20:48:06	Del quangmd(QMDDepZai): quit
2023-10-16 20:48:13	Add quangmd(QMDDepZai)
2023-10-16 20:48:13	quangmd(QMDDepZai) sync data from bishop
2023-10-16 20:48:13	quangmd(QMDDepZai) login
2023-10-16 20:50:14	[ShutdownClient]	Close connection[2] for request.
2023-10-16 20:50:14	quangmd(QMDDepZai) logout
2023-10-16 20:50:14	Del quangmd(QMDDepZai): quit
2023-10-16 20:50:17	Add quangmd(QMDDepZai)
2023-10-16 20:50:17	quangmd(QMDDepZai) sync data from bishop
2023-10-16 20:50:17	quangmd(QMDDepZai) login
2023-10-16 20:51:19	Add mamen(…Ma–Men…)
2023-10-16 20:51:19	mamen(…Ma–Men…) sync data from bishop
2023-10-16 20:51:19	mamen(…Ma–Men…) login
2023-10-16 20:51:45	[ShutdownClient]	Close connection[1] for request.
2023-10-16 20:51:45	mamen(…Ma–Men…) logout
2023-10-16 20:51:45	Del mamen(…Ma–Men…): quit
2023-10-16 20:51:49	Add mamen(…Ma–Men…)
2023-10-16 20:51:49	mamen(…Ma–Men…) sync data from bishop
2023-10-16 20:51:49	mamen(…Ma–Men…) login
2023-10-16 20:52:20	[ShutdownClient]	no response from client ID:82(Loop:2839082, PingTime:2837582), kill it...
2023-10-16 20:52:20	quangmd(QMDDepZai) logout
2023-10-16 20:52:20	Del quangmd(QMDDepZai): quit
2023-10-16 20:52:34	[ShutdownClient]	Close connection[1] for request.
2023-10-16 20:52:34	mamen(…Ma–Men…) logout
2023-10-16 20:52:34	Del mamen(…Ma–Men…): quit
2023-10-16 20:52:38	Add mamen(…Ma–Men…)
2023-10-16 20:52:38	mamen(…Ma–Men…) sync data from bishop
2023-10-16 20:52:38	mamen(…Ma–Men…) login
2023-10-16 20:55:51	[ShutdownClient]	Close connection[1] for request.
2023-10-16 20:55:51	mamen(…Ma–Men…) logout
2023-10-16 20:55:51	Del mamen(…Ma–Men…): quit
2023-10-16 20:55:55	Add mamen(…Ma–Men…)
2023-10-16 20:55:55	mamen(…Ma–Men…) sync data from bishop
2023-10-16 20:55:55	mamen(…Ma–Men…) login
2023-10-16 20:56:14	[ShutdownClient]	Close connection[1] for request.
2023-10-16 20:56:14	mamen(…Ma–Men…) logout
2023-10-16 20:56:14	Del mamen(…Ma–Men…): quit
2023-10-16 20:56:30	Add mamen(…Ma–Men…)
2023-10-16 20:56:30	mamen(…Ma–Men…) sync data from bishop
2023-10-16 20:56:30	mamen(…Ma–Men…) login
2023-10-16 20:57:48	[ShutdownClient]	Close connection[1] for request.
2023-10-16 20:57:48	mamen(…Ma–Men…) logout
2023-10-16 20:57:48	Del mamen(…Ma–Men…): quit
2023-10-16 20:57:52	Add mamen(…Ma–Men…)
2023-10-16 20:57:52	mamen(…Ma–Men…) sync data from bishop
2023-10-16 20:57:52	mamen(…Ma–Men…) login
2023-10-16 20:58:11	[ShutdownClient]	Close connection[1] for request.
2023-10-16 20:58:11	mamen(…Ma–Men…) logout
2023-10-16 20:58:11	Del mamen(…Ma–Men…): quit
2023-10-16 20:58:14	Add mamen(…Ma–Men…)
2023-10-16 20:58:14	mamen(…Ma–Men…) sync data from bishop
2023-10-16 20:58:14	mamen(…Ma–Men…) login
2023-10-16 20:58:34	[ShutdownClient]	Close connection[1] for request.
2023-10-16 20:58:34	mamen(…Ma–Men…) logout
2023-10-16 20:58:34	Del mamen(…Ma–Men…): quit
2023-10-16 20:58:37	Add mamen(…Ma–Men…)
2023-10-16 20:58:37	mamen(…Ma–Men…) sync data from bishop
2023-10-16 20:58:37	mamen(…Ma–Men…) login
2023-10-16 20:58:53	[ShutdownClient]	Close connection[1] for request.
2023-10-16 20:58:53	mamen(…Ma–Men…) logout
2023-10-16 20:58:53	Del mamen(…Ma–Men…): quit
2023-10-16 20:58:57	Add mamen(…Ma–Men…)
2023-10-16 20:58:57	mamen(…Ma–Men…) sync data from bishop
2023-10-16 20:58:57	mamen(…Ma–Men…) login
2023-10-16 21:02:41	[ShutdownClient]	Close connection[1] for request.
2023-10-16 21:02:41	mamen(…Ma–Men…) logout
2023-10-16 21:02:41	Del mamen(…Ma–Men…): quit
2023-10-16 21:02:44	Add mamen(…Ma–Men…)
2023-10-16 21:02:44	mamen(…Ma–Men…) sync data from bishop
2023-10-16 21:02:44	mamen(…Ma–Men…) login
2023-10-16 21:02:49	[ShutdownClient]	Close connection[1] for request.
2023-10-16 21:02:49	mamen(…Ma–Men…) logout
2023-10-16 21:02:49	Del mamen(…Ma–Men…): quit
2023-10-16 21:02:53	Add mamen(…Ma–Men…)
2023-10-16 21:02:53	mamen(…Ma–Men…) sync data from bishop
2023-10-16 21:02:53	mamen(…Ma–Men…) login
2023-10-16 21:12:39	[ShutdownClient]	Close connection[1] for request.
2023-10-16 21:12:39	mamen(…Ma–Men…) logout
2023-10-16 21:12:39	Del mamen(…Ma–Men…): quit
2023-10-16 21:12:42	Add mamen(…Ma–Men…)
2023-10-16 21:12:42	mamen(…Ma–Men…) sync data from bishop
2023-10-16 21:12:43	mamen(…Ma–Men…) login
2023-10-16 21:14:20	[ShutdownClient]	Close connection[1] for request.
2023-10-16 21:14:20	mamen(…Ma–Men…) logout
2023-10-16 21:14:20	Del mamen(…Ma–Men…): quit
2023-10-16 21:14:23	Add mamen(…Ma–Men…)
2023-10-16 21:14:23	mamen(…Ma–Men…) sync data from bishop
2023-10-16 21:14:23	mamen(…Ma–Men…) login
2023-10-16 21:14:42	[ShutdownClient]	Close connection[1] for request.
2023-10-16 21:14:42	mamen(…Ma–Men…) logout
2023-10-16 21:14:42	Del mamen(…Ma–Men…): quit
2023-10-16 21:14:45	Add mamen(…Ma–Men…)
2023-10-16 21:14:45	mamen(…Ma–Men…) sync data from bishop
2023-10-16 21:14:45	mamen(…Ma–Men…) login
2023-10-16 21:14:52	[ShutdownClient]	Close connection[1] for request.
2023-10-16 21:14:52	mamen(…Ma–Men…) logout
2023-10-16 21:14:52	Del mamen(…Ma–Men…): quit
2023-10-16 21:15:16	Add mamen(…Ma–Men…)
2023-10-16 21:15:16	mamen(…Ma–Men…) sync data from bishop
2023-10-16 21:15:16	mamen(…Ma–Men…) login
2023-10-16 21:15:40	[ShutdownClient]	Close connection[1] for request.
2023-10-16 21:15:40	mamen(…Ma–Men…) logout
2023-10-16 21:15:40	Del mamen(…Ma–Men…): quit
2023-10-16 21:15:44	Add mamen(…Ma–Men…)
2023-10-16 21:15:44	mamen(…Ma–Men…) sync data from bishop
2023-10-16 21:15:44	mamen(…Ma–Men…) login
2023-10-16 21:16:04	[ShutdownClient]	Close connection[1] for request.
2023-10-16 21:16:04	mamen(…Ma–Men…) logout
2023-10-16 21:16:04	Del mamen(…Ma–Men…): quit
2023-10-16 21:16:07	Add mamen(…Ma–Men…)
2023-10-16 21:16:07	mamen(…Ma–Men…) sync data from bishop
2023-10-16 21:16:07	mamen(…Ma–Men…) login
2023-10-16 21:16:37	[ShutdownClient]	Close connection[1] for request.
2023-10-16 21:16:37	mamen(…Ma–Men…) logout
2023-10-16 21:16:37	Del mamen(…Ma–Men…): quit
2023-10-16 21:16:41	Add mamen(…Ma–Men…)
2023-10-16 21:16:41	mamen(…Ma–Men…) sync data from bishop
2023-10-16 21:16:41	mamen(…Ma–Men…) login
2023-10-16 21:22:49	[ShutdownClient]	Close connection[1] for request.
2023-10-16 21:22:49	mamen(…Ma–Men…) logout
2023-10-16 21:22:49	Del mamen(…Ma–Men…): quit
2023-10-16 21:22:53	Add mamen(…Ma–Men…)
2023-10-16 21:22:53	mamen(…Ma–Men…) sync data from bishop
2023-10-16 21:22:53	mamen(…Ma–Men…) login
2023-10-16 21:23:56	[ShutdownClient]	Close connection[1] for request.
2023-10-16 21:23:56	mamen(…Ma–Men…) logout
2023-10-16 21:23:56	Del mamen(…Ma–Men…): quit
2023-10-16 21:23:59	Add mamen(…Ma–Men…)
2023-10-16 21:23:59	mamen(…Ma–Men…) sync data from bishop
2023-10-16 21:23:59	mamen(…Ma–Men…) login
2023-10-16 21:26:08	[ShutdownClient]	Close connection[1] for request.
2023-10-16 21:26:08	mamen(…Ma–Men…) logout
2023-10-16 21:26:08	Del mamen(…Ma–Men…): quit
2023-10-16 21:26:11	Add mamen(…Ma–Men…)
2023-10-16 21:26:11	mamen(…Ma–Men…) sync data from bishop
2023-10-16 21:26:12	mamen(…Ma–Men…) login
2023-10-16 21:27:20	[ShutdownClient]	Close connection[1] for request.
2023-10-16 21:27:20	mamen(…Ma–Men…) logout
2023-10-16 21:27:20	Del mamen(…Ma–Men…): quit
2023-10-16 21:27:23	Add mamen(…Ma–Men…)
2023-10-16 21:27:23	mamen(…Ma–Men…) sync data from bishop
2023-10-16 21:27:23	mamen(…Ma–Men…) login
2023-10-16 21:27:34	[ShutdownClient]	Close connection[1] for request.
2023-10-16 21:27:34	mamen(…Ma–Men…) logout
2023-10-16 21:27:34	Del mamen(…Ma–Men…): quit
2023-10-16 21:27:37	Add mamen(…Ma–Men…)
2023-10-16 21:27:37	mamen(…Ma–Men…) sync data from bishop
2023-10-16 21:27:38	mamen(…Ma–Men…) login
2023-10-16 21:28:02	[ShutdownClient]	Close connection[1] for request.
2023-10-16 21:28:02	mamen(…Ma–Men…) logout
2023-10-16 21:28:02	Del mamen(…Ma–Men…): quit
2023-10-16 21:28:06	Add mamen(…Ma–Men…)
2023-10-16 21:28:06	mamen(…Ma–Men…) sync data from bishop
2023-10-16 21:28:06	mamen(…Ma–Men…) login
2023-10-16 21:28:36	[ShutdownClient]	Close connection[1] for request.
2023-10-16 21:28:36	mamen(…Ma–Men…) logout
2023-10-16 21:28:36	Del mamen(…Ma–Men…): quit
2023-10-16 21:28:39	Add mamen(…Ma–Men…)
2023-10-16 21:28:39	mamen(…Ma–Men…) sync data from bishop
2023-10-16 21:28:39	mamen(…Ma–Men…) login
2023-10-16 21:31:08	[ShutdownClient]	Close connection[1] for request.
2023-10-16 21:31:08	mamen(…Ma–Men…) logout
2023-10-16 21:31:08	Del mamen(…Ma–Men…): quit
2023-10-16 21:31:11	Add mamen(…Ma–Men…)
2023-10-16 21:31:11	mamen(…Ma–Men…) sync data from bishop
2023-10-16 21:31:11	mamen(…Ma–Men…) login
2023-10-16 21:32:48	[ShutdownClient]	Close connection[1] for request.
2023-10-16 21:32:48	mamen(…Ma–Men…) logout
2023-10-16 21:32:48	Del mamen(…Ma–Men…): quit
2023-10-16 21:32:51	Add mamen(…Ma–Men…)
2023-10-16 21:32:51	mamen(…Ma–Men…) sync data from bishop
2023-10-16 21:32:51	mamen(…Ma–Men…) login
2023-10-16 21:33:10	[ShutdownClient]	Close connection[1] for request.
2023-10-16 21:33:10	mamen(…Ma–Men…) logout
2023-10-16 21:33:10	Del mamen(…Ma–Men…): quit
2023-10-16 21:33:14	Add mamen(…Ma–Men…)
2023-10-16 21:33:14	mamen(…Ma–Men…) sync data from bishop
2023-10-16 21:33:14	mamen(…Ma–Men…) login
2023-10-16 21:36:41	[ShutdownClient]	Close connection[1] for request.
2023-10-16 21:36:41	mamen(…Ma–Men…) logout
2023-10-16 21:36:41	Del mamen(…Ma–Men…): quit
2023-10-16 21:36:50	Add mamen(…Ma–Men…)
2023-10-16 21:36:50	mamen(…Ma–Men…) sync data from bishop
2023-10-16 21:36:50	mamen(…Ma–Men…) login
2023-10-16 21:37:03	[ShutdownClient]	Close connection[1] for request.
2023-10-16 21:37:03	mamen(…Ma–Men…) logout
2023-10-16 21:37:03	Del mamen(…Ma–Men…): quit
2023-10-16 21:37:06	Add mamen(…Ma–Men…)
2023-10-16 21:37:06	mamen(…Ma–Men…) sync data from bishop
2023-10-16 21:37:06	mamen(…Ma–Men…) login
2023-10-16 21:37:43	[ShutdownClient]	Close connection[1] for request.
2023-10-16 21:37:43	mamen(…Ma–Men…) logout
2023-10-16 21:37:43	Del mamen(…Ma–Men…): quit
2023-10-16 21:37:46	Add mamen(…Ma–Men…)
2023-10-16 21:37:46	mamen(…Ma–Men…) sync data from bishop
2023-10-16 21:37:46	mamen(…Ma–Men…) login
2023-10-16 21:55:19	[ShutdownClient]	no response from client ID:113(Loop:2907113, PingTime:2905613), kill it...
2023-10-16 21:55:19	mamen(…Ma–Men…) logout
2023-10-16 21:55:19	Del mamen(…Ma–Men…): quit
2023-10-16 21:57:37	Add mamen(TomDaiCa)
2023-10-16 21:57:37	mamen(TomDaiCa) sync data from bishop
2023-10-16 21:57:37	mamen(TomDaiCa) login
2023-10-16 21:59:23	Add tungbach1990(GameMaster)
2023-10-16 21:59:23	tungbach1990(GameMaster) sync data from bishop
2023-10-16 21:59:23	tungbach1990(GameMaster) login
2023-10-16 22:01:46	[ShutdownClient]	Close connection[2] for request.
2023-10-16 22:01:47	tungbach1990(GameMaster) logout
2023-10-16 22:01:47	Del tungbach1990(GameMaster): quit
2023-10-16 22:01:52	Add tungbach1990(GameMaster)
2023-10-16 22:01:52	tungbach1990(GameMaster) sync data from bishop
2023-10-16 22:01:52	tungbach1990(GameMaster) login
2023-10-16 22:03:14	[ShutdownClient]	Close connection[1] for request.
2023-10-16 22:03:14	mamen(TomDaiCa) logout
2023-10-16 22:03:14	Del mamen(TomDaiCa): quit
2023-10-16 22:03:19	Add mamen(TomDaiCa)
2023-10-16 22:03:19	mamen(TomDaiCa) sync data from bishop
2023-10-16 22:03:19	mamen(TomDaiCa) login
2023-10-16 22:52:53	[ShutdownClient]	Kick Out, ReasonId (2) 2023-10-16 22:52:53	mamen(TomDaiCa) logout
2023-10-16 22:52:53	Del mamen(TomDaiCa): quit
2023-10-16 22:52:57	Add mamen(…Ma–Men…)
2023-10-16 22:52:57	mamen(…Ma–Men…) sync data from bishop
2023-10-16 22:52:58	mamen(…Ma–Men…) login
2023-10-16 22:53:38	mamen(…Ma–Men…) logout
2023-10-16 22:53:38	Del mamen(…Ma–Men…): quit
2023-10-16 22:53:44	Add mamen(…C26–Tom…)
2023-10-16 22:53:44	mamen(…C26–Tom…) sync data from bishop
2023-10-16 22:53:44	mamen(…C26–Tom…) login
2023-10-16 22:53:52	[ShutdownClient]	Kick Out, ReasonId (7) 2023-10-16 22:53:53	mamen(…C26–Tom…) logout
2023-10-16 22:53:53	Del mamen(…C26–Tom…): quit
2023-10-16 22:53:58	Add mamen(…C26–Tom…)
2023-10-16 22:53:58	mamen(…C26–Tom…) sync data from bishop
2023-10-16 22:53:58	mamen(…C26–Tom…) login
2023-10-16 22:57:38	Add mamen(…C26–Tom…)
2023-10-16 22:57:38	mamen(…C26–Tom…) sync data from bishop
2023-10-16 22:57:38	mamen(…C26–Tom…) login
2023-10-16 22:57:41	Add tungbach1990(GameMaster)
2023-10-16 22:57:41	tungbach1990(GameMaster) sync data from bishop
2023-10-16 22:57:41	tungbach1990(GameMaster) login
2023-10-16 23:10:44	[ShutdownClient]	Kick Out, ReasonId (7) 2023-10-16 23:10:45	[ShutdownClient]	Kick Out, ReasonId (7) 2023-10-16 23:10:45	[ShutdownClient]	Kick Out, ReasonId (7) 2023-10-16 23:10:45	[ShutdownClient]	Kick Out, ReasonId (7) 2023-10-16 23:10:45	tungbach1990(GameMaster) logout
2023-10-16 23:10:45	Del tungbach1990(GameMaster): quit
2023-10-16 23:10:53	Add tungbach1990(GameMaster)
2023-10-16 23:10:53	tungbach1990(GameMaster) sync data from bishop
2023-10-16 23:10:53	tungbach1990(GameMaster) login
2023-10-16 23:10:58	tungbach1990(GameMaster) logout
2023-10-16 23:10:58	Del tungbach1990(GameMaster): quit
2023-10-16 23:14:26	mamen(…C26–Tom…) logout
2023-10-16 23:14:26	Del mamen(…C26–Tom…): quit
2023-10-16 23:15:22	Add mamen(…C26–Tom…)
2023-10-16 23:15:22	mamen(…C26–Tom…) sync data from bishop
2023-10-16 23:15:22	mamen(…C26–Tom…) login
2023-10-16 23:41:28	Add mamen(…C26–Tom…)
2023-10-16 23:41:28	mamen(…C26–Tom…) sync data from bishop
2023-10-16 23:41:28	mamen(…C26–Tom…) login
2023-10-16 23:42:27	Add tungbach1990(GameMaster2)
2023-10-16 23:42:27	tungbach1990(GameMaster2) sync data from bishop
2023-10-16 23:42:27	tungbach1990(GameMaster2) login
2023-10-16 23:42:50	[ShutdownClient]	Kick Out, ReasonId (7) 2023-10-16 23:42:50	tungbach1990(GameMaster2) logout
2023-10-16 23:42:50	Del tungbach1990(GameMaster2): quit
2023-10-16 23:43:12	Add tungbach1990(GameMaster2)
2023-10-16 23:43:12	tungbach1990(GameMaster2) sync data from bishop
2023-10-16 23:43:12	tungbach1990(GameMaster2) login
2023-10-16 23:52:47	Add mamen(…C26–Tom…)
2023-10-16 23:52:47	mamen(…C26–Tom…) sync data from bishop
2023-10-16 23:52:47	mamen(…C26–Tom…) login
2023-10-16 23:52:49	Add tungbach1990(GameMaster2)
2023-10-16 23:52:49	tungbach1990(GameMaster2) sync data from bishop
2023-10-16 23:52:50	tungbach1990(GameMaster2) login
